feb 22, 2016 11:39:59 AM org.apache.catalina.core.AprLifecycleListener init
Información: La biblioteca nativa de Apache Tomcat basada en ARP que permite un rendimiento óptimo en entornos de desarrollo no ha sido hallada en java.library.path: G:\GOOGLEDRIVE\TONI\PROY\XULIA\C_SHARP\AIMLGUI\AIMLGUI\bin\Release\t7\jre7\bin;C:\Windows\Sun\Java\bin;C:\Windows\system32;C:\Windows;C:\ProgramData\Oracle\Java\javapath;C:\Program Files (x86)\Intel\iCLS Client\;C:\Program Files\Intel\iCLS Client\;C:\Windows\system32;C:\Windows;C:\Windows\System32\Wbem;C:\Windows\System32\WindowsPowerShell\v1.0\;C:\Program Files\Intel\Intel(R) Management Engine Components\DAL;C:\Program Files\Intel\Intel(R) Management Engine Components\IPT;C:\Program Files (x86)\Intel\Intel(R) Management Engine Components\DAL;C:\Program Files (x86)\Intel\Intel(R) Management Engine Components\IPT;C:\Program Files\Oberthur Technologies\AuthentIC Webpack\Dlls;C:\Program Files (x86)\Oberthur Technologies\AuthentIC Webpack\Dlls;C:\Program Files (x86)\Tesseract-OCR;C:\Program Files (x86)\Windows Kits\8.1\Windows Performance Toolkit\;C:\Program Files\Microsoft SQL Server\110\Tools\Binn\;C:\Program Files (x86)\Microsoft SDKs\TypeScript\1.0\;C:\Program Files\Microsoft SQL Server\120\Tools\Binn\;C:\Program Files\TortoiseSVN\bin;C:\TUXEDO\bin;C:\Program Files (x86)\Java\jre1.5.0_15\bin\client;C:\Program Files\OpenLink Software\UDA\bin\;C:\Program Files (x86)\Java\jre1.5.0_15\bin\client;C:\Program Files (x86)\Skype\Phone\;.
feb 22, 2016 11:40:05 AM org.apache.coyote.AbstractProtocol init
Información: Initializing ProtocolHandler ["http-bio-8080"]
feb 22, 2016 11:40:05 AM org.apache.coyote.AbstractProtocol init
Información: Initializing ProtocolHandler ["http-bio-8443"]
feb 22, 2016 11:40:06 AM org.apache.coyote.AbstractProtocol init
Información: Initializing ProtocolHandler ["ajp-bio-8009"]
feb 22, 2016 11:40:07 AM org.apache.catalina.startup.Catalina load
Información: Initialization processed in 9673 ms
feb 22, 2016 11:40:07 AM org.apache.catalina.core.StandardService startInternal
Información: Arrancando servicio Catalina
feb 22, 2016 11:40:07 AM org.apache.catalina.core.StandardEngine startInternal
Información: Starting Servlet Engine: Apache Tomcat/7.0.32
feb 22, 2016 11:40:07 AM org.apache.catalina.startup.HostConfig deployWAR
Información: Despliegue del archivo G:\GOOGLEDRIVE\TONI\PROY\XULIA\C_SHARP\AIMLGUI\AIMLGUI\bin\Release\t7\webapps\IRIS.war de la aplicación web
feb 22, 2016 11:40:10 AM org.apache.catalina.loader.WebappClassLoader validateJarFile
Información: validateJarFile(G:\GOOGLEDRIVE\TONI\PROY\XULIA\C_SHARP\AIMLGUI\AIMLGUI\bin\Release\t7\webapps\IRIS\WEB-INF\lib\servlet-api.jar) - jar not loaded. See Servlet Spec 2.3, section 9.7.2. Offending class: javax/servlet/Servlet.class
feb 22, 2016 11:40:14 AM org.apache.catalina.startup.TaglibUriRule body
Información: TLD skipped. URI: /SimpleTagLibrary is already defined
feb 22, 2016 11:40:14 AM org.apache.catalina.startup.TaglibUriRule body
Información: TLD skipped. URI: http://jakarta.apache.org/tomcat/example-taglib is already defined
feb 22, 2016 11:40:15 AM org.apache.catalina.startup.HostConfig deployWAR
Información: Despliegue del archivo G:\GOOGLEDRIVE\TONI\PROY\XULIA\C_SHARP\AIMLGUI\AIMLGUI\bin\Release\t7\webapps\IRISM.war de la aplicación web
feb 22, 2016 11:40:16 AM org.apache.catalina.startup.HostConfig deployWAR
Información: Despliegue del archivo G:\GOOGLEDRIVE\TONI\PROY\XULIA\C_SHARP\AIMLGUI\AIMLGUI\bin\Release\t7\webapps\TomcatJSPExample.war de la aplicación web
feb 22, 2016 11:40:18 AM org.apache.catalina.loader.WebappClassLoader validateJarFile
Información: validateJarFile(G:\GOOGLEDRIVE\TONI\PROY\XULIA\C_SHARP\AIMLGUI\AIMLGUI\bin\Release\t7\webapps\TomcatJSPExample\WEB-INF\lib\servlet-api.jar) - jar not loaded. See Servlet Spec 2.3, section 9.7.2. Offending class: javax/servlet/Servlet.class
feb 22, 2016 11:40:22 AM org.apache.catalina.startup.TaglibUriRule body
Información: TLD skipped. URI: /SimpleTagLibrary is already defined
feb 22, 2016 11:40:22 AM org.apache.catalina.startup.TaglibUriRule body
Información: TLD skipped. URI: http://jakarta.apache.org/tomcat/example-taglib is already defined
feb 22, 2016 11:40:22 AM org.apache.catalina.startup.HostConfig deployWAR
Información: Despliegue del archivo G:\GOOGLEDRIVE\TONI\PROY\XULIA\C_SHARP\AIMLGUI\AIMLGUI\bin\Release\t7\webapps\VOZ2.war de la aplicación web
feb 22, 2016 11:40:23 AM org.apache.catalina.startup.HostConfig deployDirectory
Información: Despliegue del directorio G:\GOOGLEDRIVE\TONI\PROY\XULIA\C_SHARP\AIMLGUI\AIMLGUI\bin\Release\t7\webapps\docs de la aplicación web
feb 22, 2016 11:40:24 AM org.apache.catalina.startup.HostConfig deployDirectory
Información: Despliegue del directorio G:\GOOGLEDRIVE\TONI\PROY\XULIA\C_SHARP\AIMLGUI\AIMLGUI\bin\Release\t7\webapps\examples de la aplicación web
feb 22, 2016 11:40:26 AM org.apache.catalina.startup.HostConfig deployDirectory
Información: Despliegue del directorio G:\GOOGLEDRIVE\TONI\PROY\XULIA\C_SHARP\AIMLGUI\AIMLGUI\bin\Release\t7\webapps\host-manager de la aplicación web
feb 22, 2016 11:40:27 AM org.apache.catalina.startup.HostConfig deployDirectory
Información: Despliegue del directorio G:\GOOGLEDRIVE\TONI\PROY\XULIA\C_SHARP\AIMLGUI\AIMLGUI\bin\Release\t7\webapps\manager de la aplicación web
feb 22, 2016 11:40:28 AM org.apache.catalina.startup.HostConfig deployDirectory
Información: Despliegue del directorio G:\GOOGLEDRIVE\TONI\PROY\XULIA\C_SHARP\AIMLGUI\AIMLGUI\bin\Release\t7\webapps\ROOT de la aplicación web
feb 22, 2016 11:40:29 AM org.apache.coyote.AbstractProtocol start
Información: Starting ProtocolHandler ["http-bio-8080"]
feb 22, 2016 11:40:29 AM org.apache.coyote.AbstractProtocol start
Información: Starting ProtocolHandler ["http-bio-8443"]
feb 22, 2016 11:40:29 AM org.apache.coyote.AbstractProtocol start
Información: Starting ProtocolHandler ["ajp-bio-8009"]
feb 22, 2016 11:40:29 AM org.apache.catalina.startup.Catalina start
Información: Server startup in 22363 ms
feb 22, 2016 12:13:57 PM org.apache.catalina.core.AprLifecycleListener init
Información: La biblioteca nativa de Apache Tomcat basada en ARP que permite un rendimiento óptimo en entornos de desarrollo no ha sido hallada en java.library.path: G:\GOOGLEDRIVE\TONI\PROY\XULIA\C_SHARP\AIMLGUI\AIMLGUI\bin\Release\t7\jre7\bin;C:\Windows\Sun\Java\bin;C:\Windows\system32;C:\Windows;C:\ProgramData\Oracle\Java\javapath;C:\Program Files (x86)\Intel\iCLS Client\;C:\Program Files\Intel\iCLS Client\;C:\Windows\system32;C:\Windows;C:\Windows\System32\Wbem;C:\Windows\System32\WindowsPowerShell\v1.0\;C:\Program Files\Intel\Intel(R) Management Engine Components\DAL;C:\Program Files\Intel\Intel(R) Management Engine Components\IPT;C:\Program Files (x86)\Intel\Intel(R) Management Engine Components\DAL;C:\Program Files (x86)\Intel\Intel(R) Management Engine Components\IPT;C:\Program Files\Oberthur Technologies\AuthentIC Webpack\Dlls;C:\Program Files (x86)\Oberthur Technologies\AuthentIC Webpack\Dlls;C:\Program Files (x86)\Tesseract-OCR;C:\Program Files (x86)\Windows Kits\8.1\Windows Performance Toolkit\;C:\Program Files\Microsoft SQL Server\110\Tools\Binn\;C:\Program Files (x86)\Microsoft SDKs\TypeScript\1.0\;C:\Program Files\Microsoft SQL Server\120\Tools\Binn\;C:\Program Files\TortoiseSVN\bin;C:\TUXEDO\bin;C:\Program Files (x86)\Java\jre1.5.0_15\bin\client;C:\Program Files\OpenLink Software\UDA\bin\;C:\Program Files (x86)\Java\jre1.5.0_15\bin\client;C:\Program Files (x86)\Skype\Phone\;.
feb 22, 2016 12:14:04 PM org.apache.coyote.AbstractProtocol init
Información: Initializing ProtocolHandler ["http-bio-8080"]
feb 22, 2016 12:14:04 PM org.apache.coyote.AbstractProtocol init
Información: Initializing ProtocolHandler ["http-bio-8443"]
feb 22, 2016 12:14:05 PM org.apache.coyote.AbstractProtocol init
Información: Initializing ProtocolHandler ["ajp-bio-8009"]
feb 22, 2016 12:14:05 PM org.apache.catalina.startup.Catalina load
Información: Initialization processed in 9823 ms
feb 22, 2016 12:14:05 PM org.apache.catalina.core.StandardService startInternal
Información: Arrancando servicio Catalina
feb 22, 2016 12:14:05 PM org.apache.catalina.core.StandardEngine startInternal
Información: Starting Servlet Engine: Apache Tomcat/7.0.32
feb 22, 2016 12:14:06 PM org.apache.catalina.startup.HostConfig deployWAR
Información: Despliegue del archivo G:\GOOGLEDRIVE\TONI\PROY\XULIA\C_SHARP\AIMLGUI\AIMLGUI\bin\Release\t7\webapps\IRIS.war de la aplicación web
feb 22, 2016 12:14:08 PM org.apache.catalina.loader.WebappClassLoader validateJarFile
Información: validateJarFile(G:\GOOGLEDRIVE\TONI\PROY\XULIA\C_SHARP\AIMLGUI\AIMLGUI\bin\Release\t7\webapps\IRIS\WEB-INF\lib\servlet-api.jar) - jar not loaded. See Servlet Spec 2.3, section 9.7.2. Offending class: javax/servlet/Servlet.class
feb 22, 2016 12:14:12 PM org.apache.catalina.startup.TaglibUriRule body
Información: TLD skipped. URI: /SimpleTagLibrary is already defined
feb 22, 2016 12:14:12 PM org.apache.catalina.startup.TaglibUriRule body
Información: TLD skipped. URI: http://jakarta.apache.org/tomcat/example-taglib is already defined
feb 22, 2016 12:14:14 PM org.apache.catalina.startup.HostConfig deployWAR
Información: Despliegue del archivo G:\GOOGLEDRIVE\TONI\PROY\XULIA\C_SHARP\AIMLGUI\AIMLGUI\bin\Release\t7\webapps\IRISM.war de la aplicación web
feb 22, 2016 12:14:14 PM org.apache.catalina.startup.HostConfig deployWAR
Información: Despliegue del archivo G:\GOOGLEDRIVE\TONI\PROY\XULIA\C_SHARP\AIMLGUI\AIMLGUI\bin\Release\t7\webapps\TomcatJSPExample.war de la aplicación web
feb 22, 2016 12:14:16 PM org.apache.catalina.loader.WebappClassLoader validateJarFile
Información: validateJarFile(G:\GOOGLEDRIVE\TONI\PROY\XULIA\C_SHARP\AIMLGUI\AIMLGUI\bin\Release\t7\webapps\TomcatJSPExample\WEB-INF\lib\servlet-api.jar) - jar not loaded. See Servlet Spec 2.3, section 9.7.2. Offending class: javax/servlet/Servlet.class
feb 22, 2016 12:14:19 PM org.apache.catalina.startup.TaglibUriRule body
Información: TLD skipped. URI: /SimpleTagLibrary is already defined
feb 22, 2016 12:14:19 PM org.apache.catalina.startup.TaglibUriRule body
Información: TLD skipped. URI: http://jakarta.apache.org/tomcat/example-taglib is already defined
feb 22, 2016 12:14:20 PM org.apache.catalina.startup.HostConfig deployWAR
Información: Despliegue del archivo G:\GOOGLEDRIVE\TONI\PROY\XULIA\C_SHARP\AIMLGUI\AIMLGUI\bin\Release\t7\webapps\VOZ2.war de la aplicación web
feb 22, 2016 12:14:21 PM org.apache.catalina.startup.HostConfig deployDirectory
Información: Despliegue del directorio G:\GOOGLEDRIVE\TONI\PROY\XULIA\C_SHARP\AIMLGUI\AIMLGUI\bin\Release\t7\webapps\docs de la aplicación web
feb 22, 2016 12:14:22 PM org.apache.catalina.startup.HostConfig deployDirectory
Información: Despliegue del directorio G:\GOOGLEDRIVE\TONI\PROY\XULIA\C_SHARP\AIMLGUI\AIMLGUI\bin\Release\t7\webapps\examples de la aplicación web
feb 22, 2016 12:14:24 PM org.apache.catalina.startup.HostConfig deployDirectory
Información: Despliegue del directorio G:\GOOGLEDRIVE\TONI\PROY\XULIA\C_SHARP\AIMLGUI\AIMLGUI\bin\Release\t7\webapps\host-manager de la aplicación web
feb 22, 2016 12:14:25 PM org.apache.catalina.startup.HostConfig deployDirectory
Información: Despliegue del directorio G:\GOOGLEDRIVE\TONI\PROY\XULIA\C_SHARP\AIMLGUI\AIMLGUI\bin\Release\t7\webapps\manager de la aplicación web
feb 22, 2016 12:14:26 PM org.apache.catalina.startup.HostConfig deployDirectory
Información: Despliegue del directorio G:\GOOGLEDRIVE\TONI\PROY\XULIA\C_SHARP\AIMLGUI\AIMLGUI\bin\Release\t7\webapps\ROOT de la aplicación web
feb 22, 2016 12:14:27 PM org.apache.coyote.AbstractProtocol start
Información: Starting ProtocolHandler ["http-bio-8080"]
feb 22, 2016 12:14:27 PM org.apache.coyote.AbstractProtocol start
Información: Starting ProtocolHandler ["http-bio-8443"]
feb 22, 2016 12:14:27 PM org.apache.coyote.AbstractProtocol start
Información: Starting ProtocolHandler ["ajp-bio-8009"]
feb 22, 2016 12:14:27 PM org.apache.catalina.startup.Catalina start
Información: Server startup in 21667 ms
