ene 01, 2016 8:02:38 AM org.apache.catalina.core.AprLifecycleListener init
Información: La biblioteca nativa de Apache Tomcat basada en ARP que permite un rendimiento óptimo en entornos de desarrollo no ha sido hallada en java.library.path: C:\Program Files (x86)\Java\jre7\bin;C:\Windows\Sun\Java\bin;C:\Windows\system32;C:\Windows;C:\Program Files\Common Files\Microsoft Shared\Windows Live;C:\Program Files (x86)\Common Files\Microsoft Shared\Windows Live;C:\Windows\system32;C:\Windows;C:\Windows\System32\Wbem;C:\Windows\System32\WindowsPowerShell\v1.0\;C:\Program Files (x86)\Microsoft SQL Server\100\Tools\Binn\;C:\Program Files\Microsoft SQL Server\100\Tools\Binn\;C:\Program Files\Microsoft SQL Server\100\DTS\Binn\;C:\Program Files (x86)\Tesseract-OCR;C:\Program Files (x86)\Windows Kits\8.1\Windows Performance Toolkit\;C:\Program Files\Microsoft SQL Server\110\Tools\Binn\;C:\Program Files (x86)\Microsoft SDKs\TypeScript\1.0\;C:\Program Files\Microsoft SQL Server\120\Tools\Binn\;C:\Program Files (x86)\Skype\Phone\;C:\Program Files (x86)\Windows Live\Shared;.
ene 01, 2016 8:02:39 AM org.apache.coyote.AbstractProtocol init
Información: Initializing ProtocolHandler ["http-bio-8080"]
ene 01, 2016 8:02:39 AM org.apache.coyote.AbstractProtocol init
Información: Initializing ProtocolHandler ["http-bio-8443"]
ene 01, 2016 8:02:39 AM org.apache.coyote.AbstractProtocol init
Información: Initializing ProtocolHandler ["ajp-bio-8009"]
ene 01, 2016 8:02:39 AM org.apache.catalina.startup.Catalina load
Información: Initialization processed in 1222 ms
ene 01, 2016 8:02:39 AM org.apache.catalina.core.StandardService startInternal
Información: Arrancando servicio Catalina
ene 01, 2016 8:02:39 AM org.apache.catalina.core.StandardEngine startInternal
Información: Starting Servlet Engine: Apache Tomcat/7.0.32
ene 01, 2016 8:02:39 AM org.apache.catalina.startup.HostConfig deployWAR
Información: Despliegue del archivo D:\GOOGLEDRIVE\TONI\PROY\XULIA\C_SHARP\AIMLGUI\AIMLGUI\bin\Release\apache-tomcat-7.0.32\webapps\IRIS.war de la aplicación web
ene 01, 2016 8:02:39 AM org.apache.catalina.loader.WebappClassLoader validateJarFile
Información: validateJarFile(D:\GOOGLEDRIVE\TONI\PROY\XULIA\C_SHARP\AIMLGUI\AIMLGUI\bin\Release\apache-tomcat-7.0.32\webapps\IRIS\WEB-INF\lib\servlet-api.jar) - jar not loaded. See Servlet Spec 2.3, section 9.7.2. Offending class: javax/servlet/Servlet.class
ene 01, 2016 8:02:40 AM org.apache.catalina.startup.TaglibUriRule body
Información: TLD skipped. URI: /SimpleTagLibrary is already defined
ene 01, 2016 8:02:40 AM org.apache.catalina.startup.TaglibUriRule body
Información: TLD skipped. URI: http://jakarta.apache.org/tomcat/example-taglib is already defined
ene 01, 2016 8:02:40 AM org.apache.catalina.startup.HostConfig deployWAR
Información: Despliegue del archivo D:\GOOGLEDRIVE\TONI\PROY\XULIA\C_SHARP\AIMLGUI\AIMLGUI\bin\Release\apache-tomcat-7.0.32\webapps\IRISM.war de la aplicación web
ene 01, 2016 8:02:41 AM org.apache.catalina.startup.HostConfig deployWAR
Información: Despliegue del archivo D:\GOOGLEDRIVE\TONI\PROY\XULIA\C_SHARP\AIMLGUI\AIMLGUI\bin\Release\apache-tomcat-7.0.32\webapps\TomcatJSPExample.war de la aplicación web
ene 01, 2016 8:02:41 AM org.apache.catalina.loader.WebappClassLoader validateJarFile
Información: validateJarFile(D:\GOOGLEDRIVE\TONI\PROY\XULIA\C_SHARP\AIMLGUI\AIMLGUI\bin\Release\apache-tomcat-7.0.32\webapps\TomcatJSPExample\WEB-INF\lib\servlet-api.jar) - jar not loaded. See Servlet Spec 2.3, section 9.7.2. Offending class: javax/servlet/Servlet.class
ene 01, 2016 8:02:41 AM org.apache.catalina.startup.TaglibUriRule body
Información: TLD skipped. URI: /SimpleTagLibrary is already defined
ene 01, 2016 8:02:41 AM org.apache.catalina.startup.TaglibUriRule body
Información: TLD skipped. URI: http://jakarta.apache.org/tomcat/example-taglib is already defined
ene 01, 2016 8:02:41 AM org.apache.catalina.startup.HostConfig deployWAR
Información: Despliegue del archivo D:\GOOGLEDRIVE\TONI\PROY\XULIA\C_SHARP\AIMLGUI\AIMLGUI\bin\Release\apache-tomcat-7.0.32\webapps\VOZ2.war de la aplicación web
ene 01, 2016 8:02:41 AM org.apache.catalina.startup.HostConfig deployDirectory
Información: Despliegue del directorio D:\GOOGLEDRIVE\TONI\PROY\XULIA\C_SHARP\AIMLGUI\AIMLGUI\bin\Release\apache-tomcat-7.0.32\webapps\docs de la aplicación web
ene 01, 2016 8:02:41 AM org.apache.catalina.startup.HostConfig deployDirectory
Información: Despliegue del directorio D:\GOOGLEDRIVE\TONI\PROY\XULIA\C_SHARP\AIMLGUI\AIMLGUI\bin\Release\apache-tomcat-7.0.32\webapps\examples de la aplicación web
ene 01, 2016 8:02:42 AM org.apache.catalina.startup.HostConfig deployDirectory
Información: Despliegue del directorio D:\GOOGLEDRIVE\TONI\PROY\XULIA\C_SHARP\AIMLGUI\AIMLGUI\bin\Release\apache-tomcat-7.0.32\webapps\host-manager de la aplicación web
ene 01, 2016 8:02:42 AM org.apache.catalina.startup.HostConfig deployDirectory
Información: Despliegue del directorio D:\GOOGLEDRIVE\TONI\PROY\XULIA\C_SHARP\AIMLGUI\AIMLGUI\bin\Release\apache-tomcat-7.0.32\webapps\manager de la aplicación web
ene 01, 2016 8:02:42 AM org.apache.catalina.startup.HostConfig deployDirectory
Información: Despliegue del directorio D:\GOOGLEDRIVE\TONI\PROY\XULIA\C_SHARP\AIMLGUI\AIMLGUI\bin\Release\apache-tomcat-7.0.32\webapps\ROOT de la aplicación web
ene 01, 2016 8:02:42 AM org.apache.coyote.AbstractProtocol start
Información: Starting ProtocolHandler ["http-bio-8080"]
ene 01, 2016 8:02:42 AM org.apache.coyote.AbstractProtocol start
Información: Starting ProtocolHandler ["http-bio-8443"]
ene 01, 2016 8:02:42 AM org.apache.coyote.AbstractProtocol start
Información: Starting ProtocolHandler ["ajp-bio-8009"]
ene 01, 2016 8:02:42 AM org.apache.catalina.startup.Catalina start
Información: Server startup in 2907 ms
