mar 15, 2016 9:40:50 AM org.apache.catalina.core.AprLifecycleListener init
Información: La biblioteca nativa de Apache Tomcat basada en ARP que permite un rendimiento óptimo en entornos de desarrollo no ha sido hallada en java.library.path: G:\GOOGLEDRIVE\TONI\PROY\XULIA\C_SHARP\AIMLGUI\AIMLGUI\bin\Release\t7\jre7\bin;C:\Windows\Sun\Java\bin;C:\Windows\system32;C:\Windows;C:\Program Files (x86)\NVIDIA Corporation\PhysX\Common;C:\ProgramData\Oracle\Java\javapath;C:\Program Files (x86)\Intel\iCLS Client\;C:\Program Files\Intel\iCLS Client\;C:\Windows\system32;C:\Windows;C:\Windows\System32\Wbem;C:\Windows\System32\WindowsPowerShell\v1.0\;C:\Program Files\Intel\Intel(R) Management Engine Components\DAL;C:\Program Files\Intel\Intel(R) Management Engine Components\IPT;C:\Program Files (x86)\Intel\Intel(R) Management Engine Components\DAL;C:\Program Files (x86)\Intel\Intel(R) Management Engine Components\IPT;C:\Program Files\Oberthur Technologies\AuthentIC Webpack\Dlls;C:\Program Files (x86)\Oberthur Technologies\AuthentIC Webpack\Dlls;C:\Program Files (x86)\Tesseract-OCR;C:\Program Files (x86)\Windows Kits\8.1\Windows Performance Toolkit\;C:\Program Files\Microsoft SQL Server\110\Tools\Binn\;C:\Program Files (x86)\Microsoft SDKs\TypeScript\1.0\;C:\Program Files\Microsoft SQL Server\120\Tools\Binn\;C:\Program Files\TortoiseSVN\bin;C:\TUXEDO\bin;C:\Program Files (x86)\Java\jre1.5.0_15\bin\client;C:\Program Files\OpenLink Software\UDA\bin\;C:\Program Files (x86)\Java\jre1.5.0_15\bin\client;C:\Program Files (x86)\Skype\Phone\;.
mar 15, 2016 9:40:55 AM org.apache.coyote.AbstractProtocol init
Información: Initializing ProtocolHandler ["http-bio-8080"]
mar 15, 2016 9:40:55 AM org.apache.coyote.AbstractProtocol init
Información: Initializing ProtocolHandler ["http-bio-8443"]
mar 15, 2016 9:40:57 AM org.apache.coyote.AbstractProtocol init
Información: Initializing ProtocolHandler ["ajp-bio-8009"]
mar 15, 2016 9:40:57 AM org.apache.catalina.startup.Catalina load
Información: Initialization processed in 8972 ms
mar 15, 2016 9:40:57 AM org.apache.catalina.core.StandardService startInternal
Información: Arrancando servicio Catalina
mar 15, 2016 9:40:57 AM org.apache.catalina.core.StandardEngine startInternal
Información: Starting Servlet Engine: Apache Tomcat/7.0.32
mar 15, 2016 9:40:57 AM org.apache.catalina.startup.HostConfig deployWAR
Información: Despliegue del archivo G:\GOOGLEDRIVE\TONI\PROY\XULIA\C_SHARP\AIMLGUI\AIMLGUI\bin\Release\t7\webapps\IRIS.war de la aplicación web
mar 15, 2016 9:41:00 AM org.apache.catalina.loader.WebappClassLoader validateJarFile
Información: validateJarFile(G:\GOOGLEDRIVE\TONI\PROY\XULIA\C_SHARP\AIMLGUI\AIMLGUI\bin\Release\t7\webapps\IRIS\WEB-INF\lib\servlet-api.jar) - jar not loaded. See Servlet Spec 2.3, section 9.7.2. Offending class: javax/servlet/Servlet.class
mar 15, 2016 9:41:04 AM org.apache.catalina.startup.TaglibUriRule body
Información: TLD skipped. URI: /SimpleTagLibrary is already defined
mar 15, 2016 9:41:04 AM org.apache.catalina.startup.TaglibUriRule body
Información: TLD skipped. URI: http://jakarta.apache.org/tomcat/example-taglib is already defined
mar 15, 2016 9:41:05 AM org.apache.catalina.startup.HostConfig deployWAR
Información: Despliegue del archivo G:\GOOGLEDRIVE\TONI\PROY\XULIA\C_SHARP\AIMLGUI\AIMLGUI\bin\Release\t7\webapps\IRISM.war de la aplicación web
mar 15, 2016 9:41:06 AM org.apache.catalina.startup.HostConfig deployWAR
Información: Despliegue del archivo G:\GOOGLEDRIVE\TONI\PROY\XULIA\C_SHARP\AIMLGUI\AIMLGUI\bin\Release\t7\webapps\TomcatJSPExample.war de la aplicación web
mar 15, 2016 9:41:08 AM org.apache.catalina.loader.WebappClassLoader validateJarFile
Información: validateJarFile(G:\GOOGLEDRIVE\TONI\PROY\XULIA\C_SHARP\AIMLGUI\AIMLGUI\bin\Release\t7\webapps\TomcatJSPExample\WEB-INF\lib\servlet-api.jar) - jar not loaded. See Servlet Spec 2.3, section 9.7.2. Offending class: javax/servlet/Servlet.class
mar 15, 2016 9:41:11 AM org.apache.catalina.startup.TaglibUriRule body
Información: TLD skipped. URI: /SimpleTagLibrary is already defined
mar 15, 2016 9:41:11 AM org.apache.catalina.startup.TaglibUriRule body
Información: TLD skipped. URI: http://jakarta.apache.org/tomcat/example-taglib is already defined
mar 15, 2016 9:41:12 AM org.apache.catalina.startup.HostConfig deployWAR
Información: Despliegue del archivo G:\GOOGLEDRIVE\TONI\PROY\XULIA\C_SHARP\AIMLGUI\AIMLGUI\bin\Release\t7\webapps\VOZ2.war de la aplicación web
mar 15, 2016 9:41:13 AM org.apache.catalina.startup.HostConfig deployDirectory
Información: Despliegue del directorio G:\GOOGLEDRIVE\TONI\PROY\XULIA\C_SHARP\AIMLGUI\AIMLGUI\bin\Release\t7\webapps\docs de la aplicación web
mar 15, 2016 9:41:14 AM org.apache.catalina.startup.HostConfig deployDirectory
Información: Despliegue del directorio G:\GOOGLEDRIVE\TONI\PROY\XULIA\C_SHARP\AIMLGUI\AIMLGUI\bin\Release\t7\webapps\examples de la aplicación web
mar 15, 2016 9:41:16 AM org.apache.catalina.startup.HostConfig deployDirectory
Información: Despliegue del directorio G:\GOOGLEDRIVE\TONI\PROY\XULIA\C_SHARP\AIMLGUI\AIMLGUI\bin\Release\t7\webapps\host-manager de la aplicación web
mar 15, 2016 9:41:17 AM org.apache.catalina.startup.HostConfig deployDirectory
Información: Despliegue del directorio G:\GOOGLEDRIVE\TONI\PROY\XULIA\C_SHARP\AIMLGUI\AIMLGUI\bin\Release\t7\webapps\manager de la aplicación web
mar 15, 2016 9:41:18 AM org.apache.catalina.startup.HostConfig deployDirectory
Información: Despliegue del directorio G:\GOOGLEDRIVE\TONI\PROY\XULIA\C_SHARP\AIMLGUI\AIMLGUI\bin\Release\t7\webapps\ROOT de la aplicación web
mar 15, 2016 9:41:18 AM org.apache.coyote.AbstractProtocol start
Información: Starting ProtocolHandler ["http-bio-8080"]
mar 15, 2016 9:41:19 AM org.apache.coyote.AbstractProtocol start
Información: Starting ProtocolHandler ["http-bio-8443"]
mar 15, 2016 9:41:19 AM org.apache.coyote.AbstractProtocol start
Información: Starting ProtocolHandler ["ajp-bio-8009"]
mar 15, 2016 9:41:19 AM org.apache.catalina.startup.Catalina start
Información: Server startup in 21926 ms
mar 15, 2016 7:22:57 PM org.apache.catalina.core.AprLifecycleListener init
Información: La biblioteca nativa de Apache Tomcat basada en ARP que permite un rendimiento óptimo en entornos de desarrollo no ha sido hallada en java.library.path: D:\GOOGLEDRIVE\TONI\PROY\XULIA\C_SHARP\AIMLGUI\AIMLGUI\bin\Release\t7\jre7\bin;C:\Windows\Sun\Java\bin;C:\Windows\system32;C:\Windows;C:\Program Files\Common Files\Microsoft Shared\Windows Live;C:\Program Files (x86)\Common Files\Microsoft Shared\Windows Live;C:\Windows\system32;C:\Windows;C:\Windows\System32\Wbem;C:\Windows\System32\WindowsPowerShell\v1.0\;C:\Program Files (x86)\Microsoft SQL Server\100\Tools\Binn\;C:\Program Files\Microsoft SQL Server\100\Tools\Binn\;C:\Program Files\Microsoft SQL Server\100\DTS\Binn\;C:\Program Files (x86)\Tesseract-OCR;C:\Program Files (x86)\Windows Kits\8.1\Windows Performance Toolkit\;C:\Program Files\Microsoft SQL Server\110\Tools\Binn\;C:\Program Files (x86)\Microsoft SDKs\TypeScript\1.0\;C:\Program Files\Microsoft SQL Server\120\Tools\Binn\;C:\Program Files (x86)\Skype\Phone\;C:\Program Files (x86)\Windows Live\Shared;.
mar 15, 2016 7:22:58 PM org.apache.coyote.AbstractProtocol init
Información: Initializing ProtocolHandler ["http-bio-8080"]
mar 15, 2016 7:22:58 PM org.apache.coyote.AbstractProtocol init
Información: Initializing ProtocolHandler ["http-bio-8443"]
mar 15, 2016 7:22:58 PM org.apache.coyote.AbstractProtocol init
Información: Initializing ProtocolHandler ["ajp-bio-8009"]
mar 15, 2016 7:22:58 PM org.apache.catalina.startup.Catalina load
Información: Initialization processed in 1687 ms
mar 15, 2016 7:22:58 PM org.apache.catalina.core.StandardService startInternal
Información: Arrancando servicio Catalina
mar 15, 2016 7:22:58 PM org.apache.catalina.core.StandardEngine startInternal
Información: Starting Servlet Engine: Apache Tomcat/7.0.32
mar 15, 2016 7:22:58 PM org.apache.catalina.startup.HostConfig deployWAR
Información: Despliegue del archivo D:\GOOGLEDRIVE\TONI\PROY\XULIA\C_SHARP\AIMLGUI\AIMLGUI\bin\Release\t7\webapps\IRIS.war de la aplicación web
mar 15, 2016 7:22:58 PM org.apache.catalina.loader.WebappClassLoader validateJarFile
Información: validateJarFile(D:\GOOGLEDRIVE\TONI\PROY\XULIA\C_SHARP\AIMLGUI\AIMLGUI\bin\Release\t7\webapps\IRIS\WEB-INF\lib\servlet-api.jar) - jar not loaded. See Servlet Spec 2.3, section 9.7.2. Offending class: javax/servlet/Servlet.class
mar 15, 2016 7:22:59 PM org.apache.catalina.startup.TaglibUriRule body
Información: TLD skipped. URI: /SimpleTagLibrary is already defined
mar 15, 2016 7:22:59 PM org.apache.catalina.startup.TaglibUriRule body
Información: TLD skipped. URI: http://jakarta.apache.org/tomcat/example-taglib is already defined
mar 15, 2016 7:22:59 PM org.apache.catalina.startup.HostConfig deployWAR
Información: Despliegue del archivo D:\GOOGLEDRIVE\TONI\PROY\XULIA\C_SHARP\AIMLGUI\AIMLGUI\bin\Release\t7\webapps\IRISM.war de la aplicación web
mar 15, 2016 7:22:59 PM org.apache.catalina.startup.HostConfig deployWAR
Información: Despliegue del archivo D:\GOOGLEDRIVE\TONI\PROY\XULIA\C_SHARP\AIMLGUI\AIMLGUI\bin\Release\t7\webapps\TomcatJSPExample.war de la aplicación web
mar 15, 2016 7:22:59 PM org.apache.catalina.loader.WebappClassLoader validateJarFile
Información: validateJarFile(D:\GOOGLEDRIVE\TONI\PROY\XULIA\C_SHARP\AIMLGUI\AIMLGUI\bin\Release\t7\webapps\TomcatJSPExample\WEB-INF\lib\servlet-api.jar) - jar not loaded. See Servlet Spec 2.3, section 9.7.2. Offending class: javax/servlet/Servlet.class
mar 15, 2016 7:22:59 PM org.apache.catalina.startup.TaglibUriRule body
Información: TLD skipped. URI: /SimpleTagLibrary is already defined
mar 15, 2016 7:22:59 PM org.apache.catalina.startup.TaglibUriRule body
Información: TLD skipped. URI: http://jakarta.apache.org/tomcat/example-taglib is already defined
mar 15, 2016 7:22:59 PM org.apache.catalina.startup.HostConfig deployWAR
Información: Despliegue del archivo D:\GOOGLEDRIVE\TONI\PROY\XULIA\C_SHARP\AIMLGUI\AIMLGUI\bin\Release\t7\webapps\VOZ2.war de la aplicación web
mar 15, 2016 7:23:00 PM org.apache.catalina.startup.HostConfig deployDirectory
Información: Despliegue del directorio D:\GOOGLEDRIVE\TONI\PROY\XULIA\C_SHARP\AIMLGUI\AIMLGUI\bin\Release\t7\webapps\docs de la aplicación web
mar 15, 2016 7:23:00 PM org.apache.catalina.startup.HostConfig deployDirectory
Información: Despliegue del directorio D:\GOOGLEDRIVE\TONI\PROY\XULIA\C_SHARP\AIMLGUI\AIMLGUI\bin\Release\t7\webapps\examples de la aplicación web
mar 15, 2016 7:23:00 PM org.apache.catalina.startup.HostConfig deployDirectory
Información: Despliegue del directorio D:\GOOGLEDRIVE\TONI\PROY\XULIA\C_SHARP\AIMLGUI\AIMLGUI\bin\Release\t7\webapps\host-manager de la aplicación web
mar 15, 2016 7:23:00 PM org.apache.catalina.startup.HostConfig deployDirectory
Información: Despliegue del directorio D:\GOOGLEDRIVE\TONI\PROY\XULIA\C_SHARP\AIMLGUI\AIMLGUI\bin\Release\t7\webapps\manager de la aplicación web
mar 15, 2016 7:23:00 PM org.apache.catalina.startup.HostConfig deployDirectory
Información: Despliegue del directorio D:\GOOGLEDRIVE\TONI\PROY\XULIA\C_SHARP\AIMLGUI\AIMLGUI\bin\Release\t7\webapps\ROOT de la aplicación web
mar 15, 2016 7:23:00 PM org.apache.coyote.AbstractProtocol start
Información: Starting ProtocolHandler ["http-bio-8080"]
mar 15, 2016 7:23:00 PM org.apache.coyote.AbstractProtocol start
Información: Starting ProtocolHandler ["http-bio-8443"]
mar 15, 2016 7:23:00 PM org.apache.coyote.AbstractProtocol start
Información: Starting ProtocolHandler ["ajp-bio-8009"]
mar 15, 2016 7:23:00 PM org.apache.catalina.startup.Catalina start
Información: Server startup in 1954 ms
