dic 12, 2016 11:21:14 AM org.apache.catalina.core.AprLifecycleListener init
Información: La biblioteca nativa de Apache Tomcat basada en ARP que permite un rendimiento óptimo en entornos de desarrollo no ha sido hallada en java.library.path: C:\GOOGLEDRIVE\TONI\PROY\XULIA\C_SHARP\AIMLGUI\AIMLGUI\bin\Release\t7\jre7\bin;C:\Windows\Sun\Java\bin;C:\Windows\system32;C:\Windows;C:\Program Files\Common Files\Microsoft Shared\Windows Live;C:\Program Files (x86)\Common Files\Microsoft Shared\Windows Live;C:\Program Files (x86)\NVIDIA Corporation\PhysX\Common;C:\ProgramData\Oracle\Java\javapath;C:\Program Files (x86)\Intel\iCLS Client\;C:\Program Files\Intel\iCLS Client\;C:\Windows\system32;C:\Windows;C:\Windows\System32\Wbem;C:\Program Files\Intel\Intel(R) Management Engine Components\DAL;C:\Program Files\Intel\Intel(R) Management Engine Components\IPT;C:\Program Files (x86)\Intel\Intel(R) Management Engine Components\DAL;C:\Program Files (x86)\Intel\Intel(R) Management Engine Components\IPT;C:\Program Files\Oberthur Technologies\AuthentIC Webpack\Dlls;C:\Program Files (x86)\Oberthur Technologies\AuthentIC Webpack\Dlls;C:\Program Files (x86)\Tesseract-OCR;C:\Program Files\Microsoft SQL Server\110\Tools\Binn\;C:\Program Files (x86)\Microsoft SDKs\TypeScript\1.0\;C:\Program Files\Microsoft SQL Server\120\Tools\Binn\;C:\Program Files\TortoiseSVN\bin;C:\TUXEDO\bin;C:\Program Files (x86)\Java\jre1.5.0_15\bin\client;C:\Program Files\OpenLink Software\UDA\bin\;C:\Program Files (x86)\Java\jre1.5.0_15\bin\client;C:\Program Files (x86)\Skype\Phone\;C:\Program Files (x86)\Windows Kits\10\Windows Performance Toolkit\;C:\Program Files (x86)\nodejs\;C:\Program Files\Git\cmd;C:\Users\Xunta\.dnx\bin;C:\Program Files\Microsoft DNX\Dnvm\;C:\Windows\System32\WindowsPowerShell\v1.0\;C:\Program Files (x86)\Java\jdk1.8.0_60\bin;C:\Program Files (x86)\Android\android-sdk\tools;C:\Program Files (x86)\Android\android-sdk\platform-tools;C:\apache-ant-1.9.3\bin;C:\Program Files\Git\cmd;C:\Windows\System32\WindowsPowerShell\v1.0\;C:\Program Files (x86)\Windows Live\Shared;C:\Users\Xunta\AppData\Roaming\npm;C:\Program Files (x86)\FreeBASIC;.
dic 12, 2016 11:21:16 AM org.apache.coyote.AbstractProtocol init
Información: Initializing ProtocolHandler ["http-bio-8080"]
dic 12, 2016 11:21:16 AM org.apache.coyote.AbstractProtocol init
Información: Initializing ProtocolHandler ["http-bio-8443"]
dic 12, 2016 11:21:17 AM org.apache.coyote.AbstractProtocol init
Información: Initializing ProtocolHandler ["ajp-bio-8009"]
dic 12, 2016 11:21:17 AM org.apache.coyote.AbstractProtocol init
Grave: Failed to initialize end point associated with ProtocolHandler ["ajp-bio-8009"]
java.net.BindException: Address already in use: JVM_Bind <null>:8009
	at org.apache.tomcat.util.net.JIoEndpoint.bind(JIoEndpoint.java:406)
	at org.apache.tomcat.util.net.AbstractEndpoint.init(AbstractEndpoint.java:610)
	at org.apache.coyote.AbstractProtocol.init(AbstractProtocol.java:429)
	at org.apache.catalina.connector.Connector.initInternal(Connector.java:981)
	at org.apache.catalina.util.LifecycleBase.init(LifecycleBase.java:102)
	at org.apache.catalina.core.StandardService.initInternal(StandardService.java:559)
	at org.apache.catalina.util.LifecycleBase.init(LifecycleBase.java:102)
	at org.apache.catalina.core.StandardServer.initInternal(StandardServer.java:814)
	at org.apache.catalina.util.LifecycleBase.init(LifecycleBase.java:102)
	at org.apache.catalina.startup.Catalina.load(Catalina.java:633)
	at org.apache.catalina.startup.Catalina.load(Catalina.java:658)
	at sun.reflect.NativeMethodAccessorImpl.invoke0(Native Method)
	at sun.reflect.NativeMethodAccessorImpl.invoke(Unknown Source)
	at sun.reflect.DelegatingMethodAccessorImpl.invoke(Unknown Source)
	at java.lang.reflect.Method.invoke(Unknown Source)
	at org.apache.catalina.startup.Bootstrap.load(Bootstrap.java:281)
	at org.apache.catalina.startup.Bootstrap.main(Bootstrap.java:450)
Caused by: java.net.BindException: Address already in use: JVM_Bind
	at java.net.DualStackPlainSocketImpl.bind0(Native Method)
	at java.net.DualStackPlainSocketImpl.socketBind(Unknown Source)
	at java.net.AbstractPlainSocketImpl.bind(Unknown Source)
	at java.net.PlainSocketImpl.bind(Unknown Source)
	at java.net.ServerSocket.bind(Unknown Source)
	at java.net.ServerSocket.<init>(Unknown Source)
	at java.net.ServerSocket.<init>(Unknown Source)
	at org.apache.tomcat.util.net.DefaultServerSocketFactory.createSocket(DefaultServerSocketFactory.java:49)
	at org.apache.tomcat.util.net.JIoEndpoint.bind(JIoEndpoint.java:393)
	... 16 more

dic 12, 2016 11:21:17 AM org.apache.catalina.core.StandardService initInternal
Grave: No pude inicializar el conector [Connector[AJP/1.3-8009]]
org.apache.catalina.LifecycleException: Failed to initialize component [Connector[AJP/1.3-8009]]
	at org.apache.catalina.util.LifecycleBase.init(LifecycleBase.java:106)
	at org.apache.catalina.core.StandardService.initInternal(StandardService.java:559)
	at org.apache.catalina.util.LifecycleBase.init(LifecycleBase.java:102)
	at org.apache.catalina.core.StandardServer.initInternal(StandardServer.java:814)
	at org.apache.catalina.util.LifecycleBase.init(LifecycleBase.java:102)
	at org.apache.catalina.startup.Catalina.load(Catalina.java:633)
	at org.apache.catalina.startup.Catalina.load(Catalina.java:658)
	at sun.reflect.NativeMethodAccessorImpl.invoke0(Native Method)
	at sun.reflect.NativeMethodAccessorImpl.invoke(Unknown Source)
	at sun.reflect.DelegatingMethodAccessorImpl.invoke(Unknown Source)
	at java.lang.reflect.Method.invoke(Unknown Source)
	at org.apache.catalina.startup.Bootstrap.load(Bootstrap.java:281)
	at org.apache.catalina.startup.Bootstrap.main(Bootstrap.java:450)
Caused by: org.apache.catalina.LifecycleException: Falló la inicialización del manejador de protocolo
	at org.apache.catalina.connector.Connector.initInternal(Connector.java:983)
	at org.apache.catalina.util.LifecycleBase.init(LifecycleBase.java:102)
	... 12 more
Caused by: java.net.BindException: Address already in use: JVM_Bind <null>:8009
	at org.apache.tomcat.util.net.JIoEndpoint.bind(JIoEndpoint.java:406)
	at org.apache.tomcat.util.net.AbstractEndpoint.init(AbstractEndpoint.java:610)
	at org.apache.coyote.AbstractProtocol.init(AbstractProtocol.java:429)
	at org.apache.catalina.connector.Connector.initInternal(Connector.java:981)
	... 13 more
Caused by: java.net.BindException: Address already in use: JVM_Bind
	at java.net.DualStackPlainSocketImpl.bind0(Native Method)
	at java.net.DualStackPlainSocketImpl.socketBind(Unknown Source)
	at java.net.AbstractPlainSocketImpl.bind(Unknown Source)
	at java.net.PlainSocketImpl.bind(Unknown Source)
	at java.net.ServerSocket.bind(Unknown Source)
	at java.net.ServerSocket.<init>(Unknown Source)
	at java.net.ServerSocket.<init>(Unknown Source)
	at org.apache.tomcat.util.net.DefaultServerSocketFactory.createSocket(DefaultServerSocketFactory.java:49)
	at org.apache.tomcat.util.net.JIoEndpoint.bind(JIoEndpoint.java:393)
	... 16 more

dic 12, 2016 11:21:17 AM org.apache.catalina.startup.Catalina load
Información: Initialization processed in 2552 ms
dic 12, 2016 11:21:17 AM org.apache.catalina.core.StandardService startInternal
Información: Arrancando servicio Catalina
dic 12, 2016 11:21:17 AM org.apache.catalina.core.StandardEngine startInternal
Información: Starting Servlet Engine: Apache Tomcat/7.0.32
dic 12, 2016 11:21:17 AM org.apache.catalina.startup.HostConfig deployWAR
Información: Despliegue del archivo C:\GOOGLEDRIVE\TONI\PROY\XULIA\C_SHARP\AIMLGUI\AIMLGUI\bin\Release\t7\webapps\IRIS.war de la aplicación web
dic 12, 2016 11:21:17 AM org.apache.catalina.loader.WebappClassLoader validateJarFile
Información: validateJarFile(C:\GOOGLEDRIVE\TONI\PROY\XULIA\C_SHARP\AIMLGUI\AIMLGUI\bin\Release\t7\webapps\IRIS\WEB-INF\lib\servlet-api.jar) - jar not loaded. See Servlet Spec 2.3, section 9.7.2. Offending class: javax/servlet/Servlet.class
dic 12, 2016 11:21:18 AM org.apache.catalina.startup.TaglibUriRule body
Información: TLD skipped. URI: /SimpleTagLibrary is already defined
dic 12, 2016 11:21:18 AM org.apache.catalina.startup.TaglibUriRule body
Información: TLD skipped. URI: http://jakarta.apache.org/tomcat/example-taglib is already defined
dic 12, 2016 11:21:18 AM org.apache.catalina.startup.HostConfig deployWAR
Información: Despliegue del archivo C:\GOOGLEDRIVE\TONI\PROY\XULIA\C_SHARP\AIMLGUI\AIMLGUI\bin\Release\t7\webapps\IRISM.war de la aplicación web
dic 12, 2016 11:21:18 AM org.apache.catalina.startup.HostConfig deployWAR
Información: Despliegue del archivo C:\GOOGLEDRIVE\TONI\PROY\XULIA\C_SHARP\AIMLGUI\AIMLGUI\bin\Release\t7\webapps\TomcatJSPExample.war de la aplicación web
dic 12, 2016 11:21:18 AM org.apache.catalina.loader.WebappClassLoader validateJarFile
Información: validateJarFile(C:\GOOGLEDRIVE\TONI\PROY\XULIA\C_SHARP\AIMLGUI\AIMLGUI\bin\Release\t7\webapps\TomcatJSPExample\WEB-INF\lib\servlet-api.jar) - jar not loaded. See Servlet Spec 2.3, section 9.7.2. Offending class: javax/servlet/Servlet.class
dic 12, 2016 11:21:19 AM org.apache.catalina.startup.TaglibUriRule body
Información: TLD skipped. URI: /SimpleTagLibrary is already defined
dic 12, 2016 11:21:19 AM org.apache.catalina.startup.TaglibUriRule body
Información: TLD skipped. URI: http://jakarta.apache.org/tomcat/example-taglib is already defined
dic 12, 2016 11:21:19 AM org.apache.catalina.startup.HostConfig deployWAR
Información: Despliegue del archivo C:\GOOGLEDRIVE\TONI\PROY\XULIA\C_SHARP\AIMLGUI\AIMLGUI\bin\Release\t7\webapps\VOZ2.war de la aplicación web
dic 12, 2016 11:21:19 AM org.apache.catalina.startup.HostConfig deployDirectory
Información: Despliegue del directorio C:\GOOGLEDRIVE\TONI\PROY\XULIA\C_SHARP\AIMLGUI\AIMLGUI\bin\Release\t7\webapps\docs de la aplicación web
dic 12, 2016 11:21:19 AM org.apache.catalina.startup.HostConfig deployDirectory
Información: Despliegue del directorio C:\GOOGLEDRIVE\TONI\PROY\XULIA\C_SHARP\AIMLGUI\AIMLGUI\bin\Release\t7\webapps\examples de la aplicación web
dic 12, 2016 11:21:19 AM org.apache.catalina.startup.HostConfig deployDirectory
Información: Despliegue del directorio C:\GOOGLEDRIVE\TONI\PROY\XULIA\C_SHARP\AIMLGUI\AIMLGUI\bin\Release\t7\webapps\host-manager de la aplicación web
dic 12, 2016 11:21:19 AM org.apache.catalina.startup.HostConfig deployDirectory
Información: Despliegue del directorio C:\GOOGLEDRIVE\TONI\PROY\XULIA\C_SHARP\AIMLGUI\AIMLGUI\bin\Release\t7\webapps\manager de la aplicación web
dic 12, 2016 11:21:19 AM org.apache.catalina.startup.HostConfig deployDirectory
Información: Despliegue del directorio C:\GOOGLEDRIVE\TONI\PROY\XULIA\C_SHARP\AIMLGUI\AIMLGUI\bin\Release\t7\webapps\ROOT de la aplicación web
dic 12, 2016 11:21:19 AM org.apache.coyote.AbstractProtocol start
Información: Starting ProtocolHandler ["http-bio-8080"]
dic 12, 2016 11:21:19 AM org.apache.coyote.AbstractProtocol start
Información: Starting ProtocolHandler ["http-bio-8443"]
dic 12, 2016 11:21:19 AM org.apache.catalina.startup.Catalina start
Información: Server startup in 2647 ms
