feb 16, 2018 8:37:40 PM org.apache.catalina.core.AprLifecycleListener init
Información: La biblioteca nativa de Apache Tomcat basada en ARP que permite un rendimiento óptimo en entornos de desarrollo no ha sido hallada en java.library.path: F:\GOOGLEDRIVE\TONI\PROY\XULIA\C_SHARP\AIMLGUI\AIMLGUI\bin\Release\t7\jre7\bin;C:\WINDOWS\Sun\Java\bin;C:\WINDOWS\system32;C:\WINDOWS;C:\ProgramData\Oracle\Java\javapath;C:\WINDOWS\system32;C:\WINDOWS;C:\WINDOWS\System32\Wbem;C:\WINDOWS\System32\WindowsPowerShell\v1.0\;C:\Program Files\Microsoft SQL Server\110\Tools\Binn\;C:\Program Files\Microsoft SQL Server\120\Tools\Binn\;C:\WINDOWS\system32\config\systemprofile\.dnx\bin;C:\Program Files\Microsoft DNX\Dnvm\;C:\Program Files\Microsoft SQL Server\130\Tools\Binn\;C:\Program Files (x86)\nodejs\;C:\Program Files\Git\cmd;C:\Program Files (x86)\Windows Kits\10\Windows Performance Toolkit\;C:\Program Files (x86)\Windows Live\Shared;C:\Program Files (x86)\Microsoft SQL Server\Client SDK\ODBC\110\Tools\Binn\;C:\Program Files (x86)\Microsoft SQL Server\120\Tools\Binn\ManagementStudio\;C:\Program Files (x86)\Microsoft SQL Server\120\Tools\Binn\;C:\Program Files (x86)\Microsoft SQL Server\120\DTS\Binn\;C:\Program Files (x86)\Skype\Phone\;C:\Program Files\AutoFirma\AutoFirma;C:\Users\Antonio Losada\AppData\Roaming\npm;%USERPROFILE%\AppData\Local\Microsoft\WindowsApps;;.
feb 16, 2018 8:37:40 PM org.apache.coyote.AbstractProtocol init
Información: Initializing ProtocolHandler ["http-bio-8080"]
feb 16, 2018 8:37:40 PM org.apache.coyote.AbstractProtocol init
Información: Initializing ProtocolHandler ["http-bio-8443"]
feb 16, 2018 8:37:40 PM org.apache.tomcat.util.net.jsse.JSSESocketFactory getStore
Grave: No pude cargar almacén de claves de tipo JKS con ruta C:\Users\Antonio Losada/.keystore debido a C:\Users\Antonio Losada\.keystore (El sistema no puede encontrar el archivo especificado)
java.io.FileNotFoundException: C:\Users\Antonio Losada\.keystore (El sistema no puede encontrar el archivo especificado)
	at java.io.FileInputStream.open(Native Method)
	at java.io.FileInputStream.<init>(Unknown Source)
	at org.apache.tomcat.util.net.jsse.JSSESocketFactory.getStore(JSSESocketFactory.java:400)
	at org.apache.tomcat.util.net.jsse.JSSESocketFactory.getKeystore(JSSESocketFactory.java:306)
	at org.apache.tomcat.util.net.jsse.JSSESocketFactory.getKeyManagers(JSSESocketFactory.java:565)
	at org.apache.tomcat.util.net.jsse.JSSESocketFactory.getKeyManagers(JSSESocketFactory.java:505)
	at org.apache.tomcat.util.net.jsse.JSSESocketFactory.init(JSSESocketFactory.java:449)
	at org.apache.tomcat.util.net.jsse.JSSESocketFactory.createSocket(JSSESocketFactory.java:158)
	at org.apache.tomcat.util.net.JIoEndpoint.bind(JIoEndpoint.java:393)
	at org.apache.tomcat.util.net.AbstractEndpoint.init(AbstractEndpoint.java:610)
	at org.apache.coyote.AbstractProtocol.init(AbstractProtocol.java:429)
	at org.apache.coyote.http11.AbstractHttp11JsseProtocol.init(AbstractHttp11JsseProtocol.java:119)
	at org.apache.catalina.connector.Connector.initInternal(Connector.java:981)
	at org.apache.catalina.util.LifecycleBase.init(LifecycleBase.java:102)
	at org.apache.catalina.core.StandardService.initInternal(StandardService.java:559)
	at org.apache.catalina.util.LifecycleBase.init(LifecycleBase.java:102)
	at org.apache.catalina.core.StandardServer.initInternal(StandardServer.java:814)
	at org.apache.catalina.util.LifecycleBase.init(LifecycleBase.java:102)
	at org.apache.catalina.startup.Catalina.load(Catalina.java:633)
	at org.apache.catalina.startup.Catalina.load(Catalina.java:658)
	at sun.reflect.NativeMethodAccessorImpl.invoke0(Native Method)
	at sun.reflect.NativeMethodAccessorImpl.invoke(Unknown Source)
	at sun.reflect.DelegatingMethodAccessorImpl.invoke(Unknown Source)
	at java.lang.reflect.Method.invoke(Unknown Source)
	at org.apache.catalina.startup.Bootstrap.load(Bootstrap.java:281)
	at org.apache.catalina.startup.Bootstrap.main(Bootstrap.java:450)

feb 16, 2018 8:37:40 PM org.apache.coyote.AbstractProtocol init
Grave: Failed to initialize end point associated with ProtocolHandler ["http-bio-8443"]
java.io.FileNotFoundException: C:\Users\Antonio Losada\.keystore (El sistema no puede encontrar el archivo especificado)
	at java.io.FileInputStream.open(Native Method)
	at java.io.FileInputStream.<init>(Unknown Source)
	at org.apache.tomcat.util.net.jsse.JSSESocketFactory.getStore(JSSESocketFactory.java:400)
	at org.apache.tomcat.util.net.jsse.JSSESocketFactory.getKeystore(JSSESocketFactory.java:306)
	at org.apache.tomcat.util.net.jsse.JSSESocketFactory.getKeyManagers(JSSESocketFactory.java:565)
	at org.apache.tomcat.util.net.jsse.JSSESocketFactory.getKeyManagers(JSSESocketFactory.java:505)
	at org.apache.tomcat.util.net.jsse.JSSESocketFactory.init(JSSESocketFactory.java:449)
	at org.apache.tomcat.util.net.jsse.JSSESocketFactory.createSocket(JSSESocketFactory.java:158)
	at org.apache.tomcat.util.net.JIoEndpoint.bind(JIoEndpoint.java:393)
	at org.apache.tomcat.util.net.AbstractEndpoint.init(AbstractEndpoint.java:610)
	at org.apache.coyote.AbstractProtocol.init(AbstractProtocol.java:429)
	at org.apache.coyote.http11.AbstractHttp11JsseProtocol.init(AbstractHttp11JsseProtocol.java:119)
	at org.apache.catalina.connector.Connector.initInternal(Connector.java:981)
	at org.apache.catalina.util.LifecycleBase.init(LifecycleBase.java:102)
	at org.apache.catalina.core.StandardService.initInternal(StandardService.java:559)
	at org.apache.catalina.util.LifecycleBase.init(LifecycleBase.java:102)
	at org.apache.catalina.core.StandardServer.initInternal(StandardServer.java:814)
	at org.apache.catalina.util.LifecycleBase.init(LifecycleBase.java:102)
	at org.apache.catalina.startup.Catalina.load(Catalina.java:633)
	at org.apache.catalina.startup.Catalina.load(Catalina.java:658)
	at sun.reflect.NativeMethodAccessorImpl.invoke0(Native Method)
	at sun.reflect.NativeMethodAccessorImpl.invoke(Unknown Source)
	at sun.reflect.DelegatingMethodAccessorImpl.invoke(Unknown Source)
	at java.lang.reflect.Method.invoke(Unknown Source)
	at org.apache.catalina.startup.Bootstrap.load(Bootstrap.java:281)
	at org.apache.catalina.startup.Bootstrap.main(Bootstrap.java:450)

feb 16, 2018 8:37:40 PM org.apache.catalina.core.StandardService initInternal
Grave: No pude inicializar el conector [Connector[HTTP/1.1-8443]]
org.apache.catalina.LifecycleException: Failed to initialize component [Connector[HTTP/1.1-8443]]
	at org.apache.catalina.util.LifecycleBase.init(LifecycleBase.java:106)
	at org.apache.catalina.core.StandardService.initInternal(StandardService.java:559)
	at org.apache.catalina.util.LifecycleBase.init(LifecycleBase.java:102)
	at org.apache.catalina.core.StandardServer.initInternal(StandardServer.java:814)
	at org.apache.catalina.util.LifecycleBase.init(LifecycleBase.java:102)
	at org.apache.catalina.startup.Catalina.load(Catalina.java:633)
	at org.apache.catalina.startup.Catalina.load(Catalina.java:658)
	at sun.reflect.NativeMethodAccessorImpl.invoke0(Native Method)
	at sun.reflect.NativeMethodAccessorImpl.invoke(Unknown Source)
	at sun.reflect.DelegatingMethodAccessorImpl.invoke(Unknown Source)
	at java.lang.reflect.Method.invoke(Unknown Source)
	at org.apache.catalina.startup.Bootstrap.load(Bootstrap.java:281)
	at org.apache.catalina.startup.Bootstrap.main(Bootstrap.java:450)
Caused by: org.apache.catalina.LifecycleException: Falló la inicialización del manejador de protocolo
	at org.apache.catalina.connector.Connector.initInternal(Connector.java:983)
	at org.apache.catalina.util.LifecycleBase.init(LifecycleBase.java:102)
	... 12 more
Caused by: java.io.FileNotFoundException: C:\Users\Antonio Losada\.keystore (El sistema no puede encontrar el archivo especificado)
	at java.io.FileInputStream.open(Native Method)
	at java.io.FileInputStream.<init>(Unknown Source)
	at org.apache.tomcat.util.net.jsse.JSSESocketFactory.getStore(JSSESocketFactory.java:400)
	at org.apache.tomcat.util.net.jsse.JSSESocketFactory.getKeystore(JSSESocketFactory.java:306)
	at org.apache.tomcat.util.net.jsse.JSSESocketFactory.getKeyManagers(JSSESocketFactory.java:565)
	at org.apache.tomcat.util.net.jsse.JSSESocketFactory.getKeyManagers(JSSESocketFactory.java:505)
	at org.apache.tomcat.util.net.jsse.JSSESocketFactory.init(JSSESocketFactory.java:449)
	at org.apache.tomcat.util.net.jsse.JSSESocketFactory.createSocket(JSSESocketFactory.java:158)
	at org.apache.tomcat.util.net.JIoEndpoint.bind(JIoEndpoint.java:393)
	at org.apache.tomcat.util.net.AbstractEndpoint.init(AbstractEndpoint.java:610)
	at org.apache.coyote.AbstractProtocol.init(AbstractProtocol.java:429)
	at org.apache.coyote.http11.AbstractHttp11JsseProtocol.init(AbstractHttp11JsseProtocol.java:119)
	at org.apache.catalina.connector.Connector.initInternal(Connector.java:981)
	... 13 more

feb 16, 2018 8:37:40 PM org.apache.coyote.AbstractProtocol init
Información: Initializing ProtocolHandler ["ajp-bio-8009"]
feb 16, 2018 8:37:40 PM org.apache.catalina.startup.Catalina load
Información: Initialization processed in 641 ms
feb 16, 2018 8:37:40 PM org.apache.catalina.core.StandardService startInternal
Información: Arrancando servicio Catalina
feb 16, 2018 8:37:40 PM org.apache.catalina.core.StandardEngine startInternal
Información: Starting Servlet Engine: Apache Tomcat/7.0.32
feb 16, 2018 8:37:40 PM org.apache.catalina.startup.HostConfig deployWAR
Información: Despliegue del archivo F:\GOOGLEDRIVE\TONI\PROY\XULIA\C_SHARP\AIMLGUI\AIMLGUI\bin\Release\t7\webapps\IRIS.war de la aplicación web
feb 16, 2018 8:37:40 PM org.apache.catalina.loader.WebappClassLoader validateJarFile
Información: validateJarFile(F:\GOOGLEDRIVE\TONI\PROY\XULIA\C_SHARP\AIMLGUI\AIMLGUI\bin\Release\t7\webapps\IRIS\WEB-INF\lib\servlet-api.jar) - jar not loaded. See Servlet Spec 2.3, section 9.7.2. Offending class: javax/servlet/Servlet.class
feb 16, 2018 8:37:41 PM org.apache.catalina.startup.TaglibUriRule body
Información: TLD skipped. URI: /SimpleTagLibrary is already defined
feb 16, 2018 8:37:41 PM org.apache.catalina.startup.TaglibUriRule body
Información: TLD skipped. URI: http://jakarta.apache.org/tomcat/example-taglib is already defined
feb 16, 2018 8:37:41 PM org.apache.catalina.startup.HostConfig deployWAR
Información: Despliegue del archivo F:\GOOGLEDRIVE\TONI\PROY\XULIA\C_SHARP\AIMLGUI\AIMLGUI\bin\Release\t7\webapps\IRISM.war de la aplicación web
feb 16, 2018 8:37:41 PM org.apache.catalina.startup.HostConfig deployWAR
Información: Despliegue del archivo F:\GOOGLEDRIVE\TONI\PROY\XULIA\C_SHARP\AIMLGUI\AIMLGUI\bin\Release\t7\webapps\TomcatJSPExample.war de la aplicación web
feb 16, 2018 8:37:41 PM org.apache.catalina.loader.WebappClassLoader validateJarFile
Información: validateJarFile(F:\GOOGLEDRIVE\TONI\PROY\XULIA\C_SHARP\AIMLGUI\AIMLGUI\bin\Release\t7\webapps\TomcatJSPExample\WEB-INF\lib\servlet-api.jar) - jar not loaded. See Servlet Spec 2.3, section 9.7.2. Offending class: javax/servlet/Servlet.class
feb 16, 2018 8:37:41 PM org.apache.catalina.startup.TaglibUriRule body
Información: TLD skipped. URI: /SimpleTagLibrary is already defined
feb 16, 2018 8:37:41 PM org.apache.catalina.startup.TaglibUriRule body
Información: TLD skipped. URI: http://jakarta.apache.org/tomcat/example-taglib is already defined
feb 16, 2018 8:37:41 PM org.apache.catalina.startup.HostConfig deployWAR
Información: Despliegue del archivo F:\GOOGLEDRIVE\TONI\PROY\XULIA\C_SHARP\AIMLGUI\AIMLGUI\bin\Release\t7\webapps\VOZ2.war de la aplicación web
feb 16, 2018 8:37:41 PM org.apache.catalina.startup.HostConfig deployDirectory
Información: Despliegue del directorio F:\GOOGLEDRIVE\TONI\PROY\XULIA\C_SHARP\AIMLGUI\AIMLGUI\bin\Release\t7\webapps\docs de la aplicación web
feb 16, 2018 8:37:41 PM org.apache.catalina.startup.HostConfig deployDirectory
Información: Despliegue del directorio F:\GOOGLEDRIVE\TONI\PROY\XULIA\C_SHARP\AIMLGUI\AIMLGUI\bin\Release\t7\webapps\examples de la aplicación web
feb 16, 2018 8:37:41 PM org.apache.catalina.startup.HostConfig deployDirectory
Información: Despliegue del directorio F:\GOOGLEDRIVE\TONI\PROY\XULIA\C_SHARP\AIMLGUI\AIMLGUI\bin\Release\t7\webapps\host-manager de la aplicación web
feb 16, 2018 8:37:41 PM org.apache.catalina.startup.HostConfig deployDirectory
Información: Despliegue del directorio F:\GOOGLEDRIVE\TONI\PROY\XULIA\C_SHARP\AIMLGUI\AIMLGUI\bin\Release\t7\webapps\manager de la aplicación web
feb 16, 2018 8:37:41 PM org.apache.catalina.startup.HostConfig deployDirectory
Información: Despliegue del directorio F:\GOOGLEDRIVE\TONI\PROY\XULIA\C_SHARP\AIMLGUI\AIMLGUI\bin\Release\t7\webapps\ROOT de la aplicación web
feb 16, 2018 8:37:41 PM org.apache.coyote.AbstractProtocol start
Información: Starting ProtocolHandler ["http-bio-8080"]
feb 16, 2018 8:37:41 PM org.apache.coyote.AbstractProtocol start
Información: Starting ProtocolHandler ["ajp-bio-8009"]
feb 16, 2018 8:37:41 PM org.apache.catalina.startup.Catalina start
Información: Server startup in 971 ms
