feb 03, 2017 9:27:26 PM org.apache.catalina.core.AprLifecycleListener init
Información: La biblioteca nativa de Apache Tomcat basada en ARP que permite un rendimiento óptimo en entornos de desarrollo no ha sido hallada en java.library.path: F:\GOOGLEDRIVE\TONI\PROY\XULIA\C_SHARP\AIMLGUI\AIMLGUI\bin\Release\t7\jre7\bin;C:\WINDOWS\Sun\Java\bin;C:\WINDOWS\system32;C:\WINDOWS;C:\Program Files (x86)\Java\jdk1.8.0_77\bin;F:\Archivos de programa (x86)\Microsoft Visual Studio 14.0\Common7\IDE\CommonExtensions\Microsoft\TeamFoundation\Team Explorer\NativeBinaries\x86;C:\ProgramData\Oracle\Java\javapath;C:\WINDOWS\system32;C:\WINDOWS;C:\WINDOWS\System32\Wbem;C:\WINDOWS\System32\WindowsPowerShell\v1.0\;C:\Program Files\Microsoft SQL Server\110\Tools\Binn\;C:\Program Files\Microsoft SQL Server\120\Tools\Binn\;C:\Program Files (x86)\Skype\Phone\;C:\WINDOWS\system32\config\systemprofile\.dnx\bin;C:\Program Files\Microsoft DNX\Dnvm\;C:\Program Files\Microsoft SQL Server\130\Tools\Binn\;C:\Program Files (x86)\nodejs\;C:\Program Files\Git\cmd;C:\Program Files (x86)\Windows Kits\10\Windows Performance Toolkit\;C:\Program Files (x86)\Windows Live\Shared;C:\Program Files (x86)\Microsoft SQL Server\Client SDK\ODBC\110\Tools\Binn\;C:\Program Files (x86)\Microsoft SQL Server\120\Tools\Binn\ManagementStudio\;C:\Program Files (x86)\Microsoft SQL Server\120\Tools\Binn\;C:\Program Files (x86)\Microsoft SQL Server\120\DTS\Binn\;C:\Users\Antonio Losada\AppData\Roaming\npm;.
feb 03, 2017 9:27:27 PM org.apache.coyote.AbstractProtocol init
Información: Initializing ProtocolHandler ["http-bio-8080"]
feb 03, 2017 9:27:27 PM org.apache.coyote.AbstractProtocol init
Información: Initializing ProtocolHandler ["http-bio-8443"]
feb 03, 2017 9:27:27 PM org.apache.coyote.AbstractProtocol init
Información: Initializing ProtocolHandler ["ajp-bio-8009"]
feb 03, 2017 9:27:27 PM org.apache.catalina.startup.Catalina load
Información: Initialization processed in 1250 ms
feb 03, 2017 9:27:27 PM org.apache.catalina.core.StandardService startInternal
Información: Arrancando servicio Catalina
feb 03, 2017 9:27:27 PM org.apache.catalina.core.StandardEngine startInternal
Información: Starting Servlet Engine: Apache Tomcat/7.0.32
feb 03, 2017 9:27:27 PM org.apache.catalina.startup.HostConfig deployWAR
Información: Despliegue del archivo F:\GOOGLEDRIVE\TONI\PROY\XULIA\C_SHARP\AIMLGUI\AIMLGUI\bin\Release\t7\webapps\IRIS.war de la aplicación web
feb 03, 2017 9:27:27 PM org.apache.catalina.loader.WebappClassLoader validateJarFile
Información: validateJarFile(F:\GOOGLEDRIVE\TONI\PROY\XULIA\C_SHARP\AIMLGUI\AIMLGUI\bin\Release\t7\webapps\IRIS\WEB-INF\lib\servlet-api.jar) - jar not loaded. See Servlet Spec 2.3, section 9.7.2. Offending class: javax/servlet/Servlet.class
feb 03, 2017 9:27:28 PM org.apache.catalina.startup.TaglibUriRule body
Información: TLD skipped. URI: /SimpleTagLibrary is already defined
feb 03, 2017 9:27:28 PM org.apache.catalina.startup.TaglibUriRule body
Información: TLD skipped. URI: http://jakarta.apache.org/tomcat/example-taglib is already defined
feb 03, 2017 9:27:29 PM org.apache.catalina.startup.HostConfig deployWAR
Información: Despliegue del archivo F:\GOOGLEDRIVE\TONI\PROY\XULIA\C_SHARP\AIMLGUI\AIMLGUI\bin\Release\t7\webapps\IRISM.war de la aplicación web
feb 03, 2017 9:27:29 PM org.apache.catalina.startup.HostConfig deployWAR
Información: Despliegue del archivo F:\GOOGLEDRIVE\TONI\PROY\XULIA\C_SHARP\AIMLGUI\AIMLGUI\bin\Release\t7\webapps\TomcatJSPExample.war de la aplicación web
feb 03, 2017 9:27:29 PM org.apache.catalina.loader.WebappClassLoader validateJarFile
Información: validateJarFile(F:\GOOGLEDRIVE\TONI\PROY\XULIA\C_SHARP\AIMLGUI\AIMLGUI\bin\Release\t7\webapps\TomcatJSPExample\WEB-INF\lib\servlet-api.jar) - jar not loaded. See Servlet Spec 2.3, section 9.7.2. Offending class: javax/servlet/Servlet.class
feb 03, 2017 9:27:29 PM org.apache.catalina.startup.TaglibUriRule body
Información: TLD skipped. URI: /SimpleTagLibrary is already defined
feb 03, 2017 9:27:29 PM org.apache.catalina.startup.TaglibUriRule body
Información: TLD skipped. URI: http://jakarta.apache.org/tomcat/example-taglib is already defined
feb 03, 2017 9:27:29 PM org.apache.catalina.startup.HostConfig deployWAR
Información: Despliegue del archivo F:\GOOGLEDRIVE\TONI\PROY\XULIA\C_SHARP\AIMLGUI\AIMLGUI\bin\Release\t7\webapps\VOZ2.war de la aplicación web
feb 03, 2017 9:27:29 PM org.apache.catalina.startup.HostConfig deployDirectory
Información: Despliegue del directorio F:\GOOGLEDRIVE\TONI\PROY\XULIA\C_SHARP\AIMLGUI\AIMLGUI\bin\Release\t7\webapps\docs de la aplicación web
feb 03, 2017 9:27:29 PM org.apache.catalina.startup.HostConfig deployDirectory
Información: Despliegue del directorio F:\GOOGLEDRIVE\TONI\PROY\XULIA\C_SHARP\AIMLGUI\AIMLGUI\bin\Release\t7\webapps\examples de la aplicación web
feb 03, 2017 9:27:30 PM org.apache.catalina.startup.HostConfig deployDirectory
Información: Despliegue del directorio F:\GOOGLEDRIVE\TONI\PROY\XULIA\C_SHARP\AIMLGUI\AIMLGUI\bin\Release\t7\webapps\host-manager de la aplicación web
feb 03, 2017 9:27:30 PM org.apache.catalina.startup.HostConfig deployDirectory
Información: Despliegue del directorio F:\GOOGLEDRIVE\TONI\PROY\XULIA\C_SHARP\AIMLGUI\AIMLGUI\bin\Release\t7\webapps\manager de la aplicación web
feb 03, 2017 9:27:30 PM org.apache.catalina.startup.HostConfig deployDirectory
Información: Despliegue del directorio F:\GOOGLEDRIVE\TONI\PROY\XULIA\C_SHARP\AIMLGUI\AIMLGUI\bin\Release\t7\webapps\ROOT de la aplicación web
feb 03, 2017 9:27:30 PM org.apache.coyote.AbstractProtocol start
Información: Starting ProtocolHandler ["http-bio-8080"]
feb 03, 2017 9:27:30 PM org.apache.coyote.AbstractProtocol start
Información: Starting ProtocolHandler ["http-bio-8443"]
feb 03, 2017 9:27:30 PM org.apache.coyote.AbstractProtocol start
Información: Starting ProtocolHandler ["ajp-bio-8009"]
feb 03, 2017 9:27:30 PM org.apache.catalina.startup.Catalina start
Información: Server startup in 3024 ms
