feb 22, 2016 11:40:15 AM org.apache.catalina.core.ApplicationContext log
Información: ContextListener: contextInitialized()
feb 22, 2016 11:40:15 AM org.apache.catalina.core.ApplicationContext log
Información: SessionListener: contextInitialized()
feb 22, 2016 11:40:15 AM org.apache.catalina.core.ApplicationContext log
Información: ContextListener: attributeAdded('org.apache.jasper.compiler.TldLocationsCache', 'org.apache.jasper.compiler.TldLocationsCache@68a622')
feb 22, 2016 11:40:22 AM org.apache.catalina.core.ApplicationContext log
Información: ContextListener: contextInitialized()
feb 22, 2016 11:40:22 AM org.apache.catalina.core.ApplicationContext log
Información: SessionListener: contextInitialized()
feb 22, 2016 11:40:22 AM org.apache.catalina.core.ApplicationContext log
Información: ContextListener: attributeAdded('org.apache.jasper.compiler.TldLocationsCache', 'org.apache.jasper.compiler.TldLocationsCache@11806f2')
feb 22, 2016 11:40:26 AM org.apache.catalina.core.ApplicationContext log
Información: ContextListener: contextInitialized()
feb 22, 2016 11:40:26 AM org.apache.catalina.core.ApplicationContext log
Información: SessionListener: contextInitialized()
feb 22, 2016 11:40:26 AM org.apache.catalina.core.ApplicationContext log
Información: ContextListener: attributeAdded('org.apache.jasper.compiler.TldLocationsCache', 'org.apache.jasper.compiler.TldLocationsCache@103d828')
feb 22, 2016 12:14:13 PM org.apache.catalina.core.ApplicationContext log
Información: ContextListener: contextInitialized()
feb 22, 2016 12:14:13 PM org.apache.catalina.core.ApplicationContext log
Información: SessionListener: contextInitialized()
feb 22, 2016 12:14:13 PM org.apache.catalina.core.ApplicationContext log
Información: ContextListener: attributeAdded('org.apache.jasper.compiler.TldLocationsCache', 'org.apache.jasper.compiler.TldLocationsCache@2b6728')
feb 22, 2016 12:14:20 PM org.apache.catalina.core.ApplicationContext log
Información: ContextListener: contextInitialized()
feb 22, 2016 12:14:20 PM org.apache.catalina.core.ApplicationContext log
Información: SessionListener: contextInitialized()
feb 22, 2016 12:14:20 PM org.apache.catalina.core.ApplicationContext log
Información: ContextListener: attributeAdded('org.apache.jasper.compiler.TldLocationsCache', 'org.apache.jasper.compiler.TldLocationsCache@a85f01')
feb 22, 2016 12:14:24 PM org.apache.catalina.core.ApplicationContext log
Información: ContextListener: contextInitialized()
feb 22, 2016 12:14:24 PM org.apache.catalina.core.ApplicationContext log
Información: SessionListener: contextInitialized()
feb 22, 2016 12:14:24 PM org.apache.catalina.core.ApplicationContext log
Información: ContextListener: attributeAdded('org.apache.jasper.compiler.TldLocationsCache', 'org.apache.jasper.compiler.TldLocationsCache@188f17b')
