ene 12, 2016 9:35:02 AM org.apache.catalina.core.ApplicationContext log
Información: ContextListener: contextInitialized()
ene 12, 2016 9:35:02 AM org.apache.catalina.core.ApplicationContext log
Información: SessionListener: contextInitialized()
ene 12, 2016 9:35:02 AM org.apache.catalina.core.ApplicationContext log
Información: ContextListener: attributeAdded('org.apache.jasper.compiler.TldLocationsCache', 'org.apache.jasper.compiler.TldLocationsCache@bb4af8')
ene 12, 2016 9:35:09 AM org.apache.catalina.core.ApplicationContext log
Información: ContextListener: contextInitialized()
ene 12, 2016 9:35:09 AM org.apache.catalina.core.ApplicationContext log
Información: SessionListener: contextInitialized()
ene 12, 2016 9:35:09 AM org.apache.catalina.core.ApplicationContext log
Información: ContextListener: attributeAdded('org.apache.jasper.compiler.TldLocationsCache', 'org.apache.jasper.compiler.TldLocationsCache@12933cb')
ene 12, 2016 9:35:13 AM org.apache.catalina.core.ApplicationContext log
Información: ContextListener: contextInitialized()
ene 12, 2016 9:35:13 AM org.apache.catalina.core.ApplicationContext log
Información: SessionListener: contextInitialized()
ene 12, 2016 9:35:13 AM org.apache.catalina.core.ApplicationContext log
Información: ContextListener: attributeAdded('org.apache.jasper.compiler.TldLocationsCache', 'org.apache.jasper.compiler.TldLocationsCache@99cd30')
ene 12, 2016 9:58:36 AM org.apache.catalina.core.ApplicationContext log
Información: ContextListener: contextInitialized()
ene 12, 2016 9:58:36 AM org.apache.catalina.core.ApplicationContext log
Información: SessionListener: contextInitialized()
ene 12, 2016 9:58:36 AM org.apache.catalina.core.ApplicationContext log
Información: ContextListener: attributeAdded('org.apache.jasper.compiler.TldLocationsCache', 'org.apache.jasper.compiler.TldLocationsCache@1cc6540')
ene 12, 2016 9:58:41 AM org.apache.catalina.core.ApplicationContext log
Información: ContextListener: contextInitialized()
ene 12, 2016 9:58:41 AM org.apache.catalina.core.ApplicationContext log
Información: SessionListener: contextInitialized()
ene 12, 2016 9:58:41 AM org.apache.catalina.core.ApplicationContext log
Información: ContextListener: attributeAdded('org.apache.jasper.compiler.TldLocationsCache', 'org.apache.jasper.compiler.TldLocationsCache@1073255')
ene 12, 2016 9:58:44 AM org.apache.catalina.core.ApplicationContext log
Información: ContextListener: contextInitialized()
ene 12, 2016 9:58:44 AM org.apache.catalina.core.ApplicationContext log
Información: SessionListener: contextInitialized()
ene 12, 2016 9:58:44 AM org.apache.catalina.core.ApplicationContext log
Información: ContextListener: attributeAdded('org.apache.jasper.compiler.TldLocationsCache', 'org.apache.jasper.compiler.TldLocationsCache@1a6aa24')
ene 12, 2016 1:40:01 PM org.apache.catalina.core.ApplicationContext log
Información: ContextListener: contextInitialized()
ene 12, 2016 1:40:01 PM org.apache.catalina.core.ApplicationContext log
Información: SessionListener: contextInitialized()
ene 12, 2016 1:40:02 PM org.apache.catalina.core.ApplicationContext log
Información: ContextListener: attributeAdded('org.apache.jasper.compiler.TldLocationsCache', 'org.apache.jasper.compiler.TldLocationsCache@16aeae0')
ene 12, 2016 1:40:12 PM org.apache.catalina.core.ApplicationContext log
Información: ContextListener: contextInitialized()
ene 12, 2016 1:40:12 PM org.apache.catalina.core.ApplicationContext log
Información: SessionListener: contextInitialized()
ene 12, 2016 1:40:12 PM org.apache.catalina.core.ApplicationContext log
Información: ContextListener: attributeAdded('org.apache.jasper.compiler.TldLocationsCache', 'org.apache.jasper.compiler.TldLocationsCache@11806f2')
ene 12, 2016 1:40:16 PM org.apache.catalina.core.ApplicationContext log
Información: ContextListener: contextInitialized()
ene 12, 2016 1:40:16 PM org.apache.catalina.core.ApplicationContext log
Información: SessionListener: contextInitialized()
ene 12, 2016 1:40:17 PM org.apache.catalina.core.ApplicationContext log
Información: ContextListener: attributeAdded('org.apache.jasper.compiler.TldLocationsCache', 'org.apache.jasper.compiler.TldLocationsCache@1a16b41')
ene 12, 2016 3:48:33 PM org.apache.catalina.core.ApplicationContext log
Información: ContextListener: contextInitialized()
ene 12, 2016 3:48:33 PM org.apache.catalina.core.ApplicationContext log
Información: SessionListener: contextInitialized()
ene 12, 2016 3:48:33 PM org.apache.catalina.core.ApplicationContext log
Información: ContextListener: attributeAdded('org.apache.jasper.compiler.TldLocationsCache', 'org.apache.jasper.compiler.TldLocationsCache@1417a47')
ene 12, 2016 3:48:35 PM org.apache.catalina.core.ApplicationContext log
Información: ContextListener: contextInitialized()
ene 12, 2016 3:48:35 PM org.apache.catalina.core.ApplicationContext log
Información: SessionListener: contextInitialized()
ene 12, 2016 3:48:35 PM org.apache.catalina.core.ApplicationContext log
Información: ContextListener: attributeAdded('org.apache.jasper.compiler.TldLocationsCache', 'org.apache.jasper.compiler.TldLocationsCache@cd29ec')
ene 12, 2016 3:48:36 PM org.apache.catalina.core.ApplicationContext log
Información: ContextListener: contextInitialized()
ene 12, 2016 3:48:36 PM org.apache.catalina.core.ApplicationContext log
Información: SessionListener: contextInitialized()
ene 12, 2016 3:48:36 PM org.apache.catalina.core.ApplicationContext log
Información: ContextListener: attributeAdded('org.apache.jasper.compiler.TldLocationsCache', 'org.apache.jasper.compiler.TldLocationsCache@1292ece')
