ene 05, 2016 9:59:10 AM org.apache.catalina.core.ApplicationContext log
Información: ContextListener: contextInitialized()
ene 05, 2016 9:59:10 AM org.apache.catalina.core.ApplicationContext log
Información: SessionListener: contextInitialized()
ene 05, 2016 9:59:10 AM org.apache.catalina.core.ApplicationContext log
Información: ContextListener: attributeAdded('org.apache.jasper.compiler.TldLocationsCache', 'org.apache.jasper.compiler.TldLocationsCache@1fc7244')
ene 05, 2016 9:59:16 AM org.apache.catalina.core.ApplicationContext log
Información: ContextListener: contextInitialized()
ene 05, 2016 9:59:16 AM org.apache.catalina.core.ApplicationContext log
Información: SessionListener: contextInitialized()
ene 05, 2016 9:59:16 AM org.apache.catalina.core.ApplicationContext log
Información: ContextListener: attributeAdded('org.apache.jasper.compiler.TldLocationsCache', 'org.apache.jasper.compiler.TldLocationsCache@169f4cd')
ene 05, 2016 9:59:21 AM org.apache.catalina.core.ApplicationContext log
Información: ContextListener: contextInitialized()
ene 05, 2016 9:59:21 AM org.apache.catalina.core.ApplicationContext log
Información: SessionListener: contextInitialized()
ene 05, 2016 9:59:21 AM org.apache.catalina.core.ApplicationContext log
Información: ContextListener: attributeAdded('org.apache.jasper.compiler.TldLocationsCache', 'org.apache.jasper.compiler.TldLocationsCache@a9acff')
ene 05, 2016 2:12:02 PM org.apache.catalina.core.ApplicationContext log
Información: ContextListener: contextInitialized()
ene 05, 2016 2:12:02 PM org.apache.catalina.core.ApplicationContext log
Información: SessionListener: contextInitialized()
ene 05, 2016 2:12:02 PM org.apache.catalina.core.ApplicationContext log
Información: ContextListener: attributeAdded('org.apache.jasper.compiler.TldLocationsCache', 'org.apache.jasper.compiler.TldLocationsCache@1c6b6ec')
ene 05, 2016 2:12:07 PM org.apache.catalina.core.ApplicationContext log
Información: ContextListener: contextInitialized()
ene 05, 2016 2:12:07 PM org.apache.catalina.core.ApplicationContext log
Información: SessionListener: contextInitialized()
ene 05, 2016 2:12:07 PM org.apache.catalina.core.ApplicationContext log
Información: ContextListener: attributeAdded('org.apache.jasper.compiler.TldLocationsCache', 'org.apache.jasper.compiler.TldLocationsCache@33e9d2')
ene 05, 2016 2:12:15 PM org.apache.catalina.core.ApplicationContext log
Información: ContextListener: contextInitialized()
ene 05, 2016 2:12:15 PM org.apache.catalina.core.ApplicationContext log
Información: SessionListener: contextInitialized()
ene 05, 2016 2:12:15 PM org.apache.catalina.core.ApplicationContext log
Información: ContextListener: attributeAdded('org.apache.jasper.compiler.TldLocationsCache', 'org.apache.jasper.compiler.TldLocationsCache@8a0821')
