ene 04, 2016 10:52:31 AM org.apache.catalina.core.ApplicationContext log
Información: ContextListener: contextInitialized()
ene 04, 2016 10:52:31 AM org.apache.catalina.core.ApplicationContext log
Información: SessionListener: contextInitialized()
ene 04, 2016 10:52:31 AM org.apache.catalina.core.ApplicationContext log
Información: ContextListener: attributeAdded('org.apache.jasper.compiler.TldLocationsCache', 'org.apache.jasper.compiler.TldLocationsCache@a9a994')
ene 04, 2016 10:52:36 AM org.apache.catalina.core.ApplicationContext log
Información: ContextListener: contextInitialized()
ene 04, 2016 10:52:36 AM org.apache.catalina.core.ApplicationContext log
Información: SessionListener: contextInitialized()
ene 04, 2016 10:52:36 AM org.apache.catalina.core.ApplicationContext log
Información: ContextListener: attributeAdded('org.apache.jasper.compiler.TldLocationsCache', 'org.apache.jasper.compiler.TldLocationsCache@19a0f55')
ene 04, 2016 10:52:40 AM org.apache.catalina.core.ApplicationContext log
Información: ContextListener: contextInitialized()
ene 04, 2016 10:52:40 AM org.apache.catalina.core.ApplicationContext log
Información: SessionListener: contextInitialized()
ene 04, 2016 10:52:40 AM org.apache.catalina.core.ApplicationContext log
Información: ContextListener: attributeAdded('org.apache.jasper.compiler.TldLocationsCache', 'org.apache.jasper.compiler.TldLocationsCache@153b525')
ene 04, 2016 10:53:20 AM org.apache.catalina.core.ApplicationContext log
Información: ContextListener: contextInitialized()
ene 04, 2016 10:53:20 AM org.apache.catalina.core.ApplicationContext log
Información: SessionListener: contextInitialized()
ene 04, 2016 10:53:20 AM org.apache.catalina.core.ApplicationContext log
Información: ContextListener: attributeAdded('org.apache.jasper.compiler.TldLocationsCache', 'org.apache.jasper.compiler.TldLocationsCache@101b0fa')
ene 04, 2016 10:53:24 AM org.apache.catalina.core.ApplicationContext log
Información: ContextListener: contextInitialized()
ene 04, 2016 10:53:24 AM org.apache.catalina.core.ApplicationContext log
Información: SessionListener: contextInitialized()
ene 04, 2016 10:53:24 AM org.apache.catalina.core.ApplicationContext log
Información: ContextListener: attributeAdded('org.apache.jasper.compiler.TldLocationsCache', 'org.apache.jasper.compiler.TldLocationsCache@19a9095')
ene 04, 2016 10:53:28 AM org.apache.catalina.core.ApplicationContext log
Información: ContextListener: contextInitialized()
ene 04, 2016 10:53:28 AM org.apache.catalina.core.ApplicationContext log
Información: SessionListener: contextInitialized()
ene 04, 2016 10:53:28 AM org.apache.catalina.core.ApplicationContext log
Información: ContextListener: attributeAdded('org.apache.jasper.compiler.TldLocationsCache', 'org.apache.jasper.compiler.TldLocationsCache@17d915c')
ene 04, 2016 10:55:56 AM org.apache.catalina.core.ApplicationContext log
Información: ContextListener: contextInitialized()
ene 04, 2016 10:55:56 AM org.apache.catalina.core.ApplicationContext log
Información: SessionListener: contextInitialized()
ene 04, 2016 10:55:56 AM org.apache.catalina.core.ApplicationContext log
Información: ContextListener: attributeAdded('org.apache.jasper.compiler.TldLocationsCache', 'org.apache.jasper.compiler.TldLocationsCache@287dba')
ene 04, 2016 10:56:00 AM org.apache.catalina.core.ApplicationContext log
Información: ContextListener: contextInitialized()
ene 04, 2016 10:56:00 AM org.apache.catalina.core.ApplicationContext log
Información: SessionListener: contextInitialized()
ene 04, 2016 10:56:01 AM org.apache.catalina.core.ApplicationContext log
Información: ContextListener: attributeAdded('org.apache.jasper.compiler.TldLocationsCache', 'org.apache.jasper.compiler.TldLocationsCache@feff22')
ene 04, 2016 10:56:04 AM org.apache.catalina.core.ApplicationContext log
Información: ContextListener: contextInitialized()
ene 04, 2016 10:56:04 AM org.apache.catalina.core.ApplicationContext log
Información: SessionListener: contextInitialized()
ene 04, 2016 10:56:04 AM org.apache.catalina.core.ApplicationContext log
Información: ContextListener: attributeAdded('org.apache.jasper.compiler.TldLocationsCache', 'org.apache.jasper.compiler.TldLocationsCache@151fcf3')
ene 04, 2016 12:08:50 PM org.apache.catalina.core.ApplicationContext log
Información: ContextListener: contextInitialized()
ene 04, 2016 12:08:50 PM org.apache.catalina.core.ApplicationContext log
Información: SessionListener: contextInitialized()
ene 04, 2016 12:08:50 PM org.apache.catalina.core.ApplicationContext log
Información: ContextListener: attributeAdded('org.apache.jasper.compiler.TldLocationsCache', 'org.apache.jasper.compiler.TldLocationsCache@50e1cd')
ene 04, 2016 12:08:55 PM org.apache.catalina.core.ApplicationContext log
Información: ContextListener: contextInitialized()
ene 04, 2016 12:08:55 PM org.apache.catalina.core.ApplicationContext log
Información: SessionListener: contextInitialized()
ene 04, 2016 12:08:55 PM org.apache.catalina.core.ApplicationContext log
Información: ContextListener: attributeAdded('org.apache.jasper.compiler.TldLocationsCache', 'org.apache.jasper.compiler.TldLocationsCache@dcd35')
ene 04, 2016 12:08:58 PM org.apache.catalina.core.ApplicationContext log
Información: ContextListener: contextInitialized()
ene 04, 2016 12:08:58 PM org.apache.catalina.core.ApplicationContext log
Información: SessionListener: contextInitialized()
ene 04, 2016 12:08:58 PM org.apache.catalina.core.ApplicationContext log
Información: ContextListener: attributeAdded('org.apache.jasper.compiler.TldLocationsCache', 'org.apache.jasper.compiler.TldLocationsCache@19cda50')
