may 16, 2017 7:05:10 PM org.apache.catalina.core.AprLifecycleListener init
Información: La biblioteca nativa de Apache Tomcat basada en ARP que permite un rendimiento óptimo en entornos de desarrollo no ha sido hallada en java.library.path: C:\Program Files (x86)\Xulia\t7\jre7\bin;C:\WINDOWS\Sun\Java\bin;C:\WINDOWS\system32;C:\WINDOWS;C:\ProgramData\Oracle\Java\javapath;C:\WINDOWS\system32;C:\WINDOWS;C:\WINDOWS\System32\Wbem;C:\WINDOWS\System32\WindowsPowerShell\v1.0\;C:\Program Files\Microsoft SQL Server\110\Tools\Binn\;C:\Program Files\Microsoft SQL Server\120\Tools\Binn\;C:\WINDOWS\system32\config\systemprofile\.dnx\bin;C:\Program Files\Microsoft DNX\Dnvm\;C:\Program Files\Microsoft SQL Server\130\Tools\Binn\;C:\Program Files (x86)\nodejs\;C:\Program Files\Git\cmd;C:\Program Files (x86)\Windows Kits\10\Windows Performance Toolkit\;C:\Program Files (x86)\Windows Live\Shared;C:\Program Files (x86)\Microsoft SQL Server\Client SDK\ODBC\110\Tools\Binn\;C:\Program Files (x86)\Microsoft SQL Server\120\Tools\Binn\ManagementStudio\;C:\Program Files (x86)\Microsoft SQL Server\120\Tools\Binn\;C:\Program Files (x86)\Microsoft SQL Server\120\DTS\Binn\;C:\Program Files (x86)\Skype\Phone\;C:\Users\Antonio Losada\AppData\Roaming\npm;.
may 16, 2017 7:05:11 PM org.apache.coyote.AbstractProtocol init
Información: Initializing ProtocolHandler ["http-bio-8080"]
may 16, 2017 7:05:11 PM org.apache.coyote.AbstractProtocol init
Información: Initializing ProtocolHandler ["http-bio-8443"]
may 16, 2017 7:05:11 PM org.apache.coyote.AbstractProtocol init
Información: Initializing ProtocolHandler ["ajp-bio-8009"]
may 16, 2017 7:05:11 PM org.apache.catalina.startup.Catalina load
Información: Initialization processed in 2261 ms
may 16, 2017 7:05:11 PM org.apache.catalina.core.StandardService startInternal
Información: Arrancando servicio Catalina
may 16, 2017 7:05:11 PM org.apache.catalina.core.StandardEngine startInternal
Información: Starting Servlet Engine: Apache Tomcat/7.0.32
may 16, 2017 7:05:12 PM org.apache.catalina.startup.HostConfig deployWAR
Información: Despliegue del archivo F:\GOOGLEDRIVE\TONI\PROY\XULIA\C_SHARP\AIMLGUI\AIMLGUI\bin\Debug\t7\webapps\IRIS (1).war de la aplicación web
may 16, 2017 7:05:12 PM org.apache.catalina.loader.WebappClassLoader validateJarFile
Información: validateJarFile(F:\GOOGLEDRIVE\TONI\PROY\XULIA\C_SHARP\AIMLGUI\AIMLGUI\bin\Debug\t7\webapps\IRIS (1)\WEB-INF\lib\servlet-api.jar) - jar not loaded. See Servlet Spec 2.3, section 9.7.2. Offending class: javax/servlet/Servlet.class
may 16, 2017 7:05:13 PM org.apache.catalina.startup.ContextConfig processAnnotationsJndi
Grave: No puedo procesar el elemento de recurso [jndi:/localhost/IRIS%20(1)/WEB-INF/classes/servletToJsp.class] para las anotaciones
java.io.FileNotFoundException: jndi:/localhost/IRIS%20(1)/WEB-INF/classes/servletToJsp.class
	at org.apache.naming.resources.DirContextURLConnection.getInputStream(DirContextURLConnection.java:389)
	at org.apache.catalina.startup.ContextConfig.processAnnotationsJndi(ContextConfig.java:2037)
	at org.apache.catalina.startup.ContextConfig.processAnnotationsUrl(ContextConfig.java:1945)
	at org.apache.catalina.startup.ContextConfig.webConfig(ContextConfig.java:1303)
	at org.apache.catalina.startup.ContextConfig.configureStart(ContextConfig.java:878)
	at org.apache.catalina.startup.ContextConfig.lifecycleEvent(ContextConfig.java:369)
	at org.apache.catalina.util.LifecycleSupport.fireLifecycleEvent(LifecycleSupport.java:119)
	at org.apache.catalina.util.LifecycleBase.fireLifecycleEvent(LifecycleBase.java:90)
	at org.apache.catalina.core.StandardContext.startInternal(StandardContext.java:5173)
	at org.apache.catalina.util.LifecycleBase.start(LifecycleBase.java:150)
	at org.apache.catalina.core.ContainerBase.addChildInternal(ContainerBase.java:901)
	at org.apache.catalina.core.ContainerBase.addChild(ContainerBase.java:877)
	at org.apache.catalina.core.StandardHost.addChild(StandardHost.java:633)
	at org.apache.catalina.startup.HostConfig.deployWAR(HostConfig.java:968)
	at org.apache.catalina.startup.HostConfig$DeployWar.run(HostConfig.java:1646)
	at java.util.concurrent.Executors$RunnableAdapter.call(Unknown Source)
	at java.util.concurrent.FutureTask$Sync.innerRun(Unknown Source)
	at java.util.concurrent.FutureTask.run(Unknown Source)
	at java.util.concurrent.ThreadPoolExecutor.runWorker(Unknown Source)
	at java.util.concurrent.ThreadPoolExecutor$Worker.run(Unknown Source)
	at java.lang.Thread.run(Unknown Source)

may 16, 2017 7:05:14 PM org.apache.catalina.startup.TaglibUriRule body
Información: TLD skipped. URI: /SimpleTagLibrary is already defined
may 16, 2017 7:05:14 PM org.apache.catalina.startup.TaglibUriRule body
Información: TLD skipped. URI: http://jakarta.apache.org/tomcat/example-taglib is already defined
may 16, 2017 7:05:14 PM org.apache.catalina.startup.HostConfig deployWAR
Información: Despliegue del archivo F:\GOOGLEDRIVE\TONI\PROY\XULIA\C_SHARP\AIMLGUI\AIMLGUI\bin\Debug\t7\webapps\IRIS.war de la aplicación web
may 16, 2017 7:05:14 PM org.apache.catalina.loader.WebappClassLoader validateJarFile
Información: validateJarFile(F:\GOOGLEDRIVE\TONI\PROY\XULIA\C_SHARP\AIMLGUI\AIMLGUI\bin\Debug\t7\webapps\IRIS\WEB-INF\lib\servlet-api.jar) - jar not loaded. See Servlet Spec 2.3, section 9.7.2. Offending class: javax/servlet/Servlet.class
may 16, 2017 7:05:15 PM org.apache.catalina.startup.TaglibUriRule body
Información: TLD skipped. URI: /SimpleTagLibrary is already defined
may 16, 2017 7:05:15 PM org.apache.catalina.startup.TaglibUriRule body
Información: TLD skipped. URI: http://jakarta.apache.org/tomcat/example-taglib is already defined
may 16, 2017 7:05:15 PM org.apache.catalina.startup.HostConfig deployWAR
Información: Despliegue del archivo F:\GOOGLEDRIVE\TONI\PROY\XULIA\C_SHARP\AIMLGUI\AIMLGUI\bin\Debug\t7\webapps\IRISM (1).war de la aplicación web
may 16, 2017 7:05:15 PM org.apache.catalina.startup.HostConfig deployWAR
Información: Despliegue del archivo F:\GOOGLEDRIVE\TONI\PROY\XULIA\C_SHARP\AIMLGUI\AIMLGUI\bin\Debug\t7\webapps\IRISM.war de la aplicación web
may 16, 2017 7:05:15 PM org.apache.catalina.startup.HostConfig deployWAR
Información: Despliegue del archivo F:\GOOGLEDRIVE\TONI\PROY\XULIA\C_SHARP\AIMLGUI\AIMLGUI\bin\Debug\t7\webapps\TomcatJSPExample.war de la aplicación web
may 16, 2017 7:05:16 PM org.apache.catalina.loader.WebappClassLoader validateJarFile
Información: validateJarFile(F:\GOOGLEDRIVE\TONI\PROY\XULIA\C_SHARP\AIMLGUI\AIMLGUI\bin\Debug\t7\webapps\TomcatJSPExample\WEB-INF\lib\servlet-api.jar) - jar not loaded. See Servlet Spec 2.3, section 9.7.2. Offending class: javax/servlet/Servlet.class
may 16, 2017 7:05:16 PM org.apache.catalina.startup.TaglibUriRule body
Información: TLD skipped. URI: /SimpleTagLibrary is already defined
may 16, 2017 7:05:16 PM org.apache.catalina.startup.TaglibUriRule body
Información: TLD skipped. URI: http://jakarta.apache.org/tomcat/example-taglib is already defined
may 16, 2017 7:05:16 PM org.apache.catalina.startup.HostConfig deployWAR
Información: Despliegue del archivo F:\GOOGLEDRIVE\TONI\PROY\XULIA\C_SHARP\AIMLGUI\AIMLGUI\bin\Debug\t7\webapps\VOZ2 (1).war de la aplicación web
may 16, 2017 7:05:16 PM org.apache.catalina.startup.HostConfig deployWAR
Información: Despliegue del archivo F:\GOOGLEDRIVE\TONI\PROY\XULIA\C_SHARP\AIMLGUI\AIMLGUI\bin\Debug\t7\webapps\VOZ2.war de la aplicación web
may 16, 2017 7:05:16 PM org.apache.catalina.startup.HostConfig deployDirectory
Información: Despliegue del directorio F:\GOOGLEDRIVE\TONI\PROY\XULIA\C_SHARP\AIMLGUI\AIMLGUI\bin\Debug\t7\webapps\docs de la aplicación web
may 16, 2017 7:05:16 PM org.apache.catalina.startup.HostConfig deployDirectory
Información: Despliegue del directorio F:\GOOGLEDRIVE\TONI\PROY\XULIA\C_SHARP\AIMLGUI\AIMLGUI\bin\Debug\t7\webapps\examples de la aplicación web
may 16, 2017 7:05:17 PM org.apache.catalina.startup.HostConfig deployDirectory
Información: Despliegue del directorio F:\GOOGLEDRIVE\TONI\PROY\XULIA\C_SHARP\AIMLGUI\AIMLGUI\bin\Debug\t7\webapps\host-manager de la aplicación web
may 16, 2017 7:05:17 PM org.apache.catalina.startup.HostConfig deployDirectory
Información: Despliegue del directorio F:\GOOGLEDRIVE\TONI\PROY\XULIA\C_SHARP\AIMLGUI\AIMLGUI\bin\Debug\t7\webapps\manager de la aplicación web
may 16, 2017 7:05:17 PM org.apache.catalina.startup.HostConfig deployDirectory
Información: Despliegue del directorio F:\GOOGLEDRIVE\TONI\PROY\XULIA\C_SHARP\AIMLGUI\AIMLGUI\bin\Debug\t7\webapps\ROOT de la aplicación web
may 16, 2017 7:05:17 PM org.apache.coyote.AbstractProtocol start
Información: Starting ProtocolHandler ["http-bio-8080"]
may 16, 2017 7:05:17 PM org.apache.coyote.AbstractProtocol start
Información: Starting ProtocolHandler ["http-bio-8443"]
may 16, 2017 7:05:17 PM org.apache.coyote.AbstractProtocol start
Información: Starting ProtocolHandler ["ajp-bio-8009"]
may 16, 2017 7:05:17 PM org.apache.catalina.startup.Catalina start
Información: Server startup in 5892 ms
