ene 10, 2016 9:39:27 AM org.apache.catalina.core.AprLifecycleListener init
Información: La biblioteca nativa de Apache Tomcat basada en ARP que permite un rendimiento óptimo en entornos de desarrollo no ha sido hallada en java.library.path: C:\Program Files (x86)\Java\jre7\bin;C:\Windows\Sun\Java\bin;C:\Windows\system32;C:\Windows;C:\Program Files\Common Files\Microsoft Shared\Windows Live;C:\Program Files (x86)\Common Files\Microsoft Shared\Windows Live;C:\Windows\system32;C:\Windows;C:\Windows\System32\Wbem;C:\Windows\System32\WindowsPowerShell\v1.0\;C:\Program Files (x86)\Microsoft SQL Server\100\Tools\Binn\;C:\Program Files\Microsoft SQL Server\100\Tools\Binn\;C:\Program Files\Microsoft SQL Server\100\DTS\Binn\;C:\Program Files (x86)\Tesseract-OCR;C:\Program Files (x86)\Windows Kits\8.1\Windows Performance Toolkit\;C:\Program Files\Microsoft SQL Server\110\Tools\Binn\;C:\Program Files (x86)\Microsoft SDKs\TypeScript\1.0\;C:\Program Files\Microsoft SQL Server\120\Tools\Binn\;C:\Program Files (x86)\Skype\Phone\;C:\Program Files (x86)\Windows Live\Shared;.
ene 10, 2016 9:39:27 AM org.apache.coyote.AbstractProtocol init
Información: Initializing ProtocolHandler ["http-bio-8080"]
ene 10, 2016 9:39:27 AM org.apache.coyote.AbstractProtocol init
Información: Initializing ProtocolHandler ["http-bio-8443"]
ene 10, 2016 9:39:28 AM org.apache.coyote.AbstractProtocol init
Información: Initializing ProtocolHandler ["ajp-bio-8009"]
ene 10, 2016 9:39:28 AM org.apache.catalina.startup.Catalina load
Información: Initialization processed in 1140 ms
ene 10, 2016 9:39:28 AM org.apache.catalina.core.StandardService startInternal
Información: Arrancando servicio Catalina
ene 10, 2016 9:39:28 AM org.apache.catalina.core.StandardEngine startInternal
Información: Starting Servlet Engine: Apache Tomcat/7.0.32
ene 10, 2016 9:39:28 AM org.apache.catalina.startup.HostConfig deployWAR
Información: Despliegue del archivo D:\GOOGLEDRIVE\TONI\PROY\XULIA\C_SHARP\AIMLGUI\AIMLGUI\bin\Debug\t7\webapps\IRIS (1).war de la aplicación web
ene 10, 2016 9:39:28 AM org.apache.catalina.loader.WebappClassLoader validateJarFile
Información: validateJarFile(D:\GOOGLEDRIVE\TONI\PROY\XULIA\C_SHARP\AIMLGUI\AIMLGUI\bin\Debug\t7\webapps\IRIS (1)\WEB-INF\lib\servlet-api.jar) - jar not loaded. See Servlet Spec 2.3, section 9.7.2. Offending class: javax/servlet/Servlet.class
ene 10, 2016 9:39:29 AM org.apache.catalina.startup.ContextConfig processAnnotationsJndi
Grave: No puedo procesar el elemento de recurso [jndi:/localhost/IRIS%20(1)/WEB-INF/classes/servletToJsp.class] para las anotaciones
java.io.FileNotFoundException: jndi:/localhost/IRIS%20(1)/WEB-INF/classes/servletToJsp.class
	at org.apache.naming.resources.DirContextURLConnection.getInputStream(DirContextURLConnection.java:389)
	at org.apache.catalina.startup.ContextConfig.processAnnotationsJndi(ContextConfig.java:2037)
	at org.apache.catalina.startup.ContextConfig.processAnnotationsUrl(ContextConfig.java:1945)
	at org.apache.catalina.startup.ContextConfig.webConfig(ContextConfig.java:1303)
	at org.apache.catalina.startup.ContextConfig.configureStart(ContextConfig.java:878)
	at org.apache.catalina.startup.ContextConfig.lifecycleEvent(ContextConfig.java:369)
	at org.apache.catalina.util.LifecycleSupport.fireLifecycleEvent(LifecycleSupport.java:119)
	at org.apache.catalina.util.LifecycleBase.fireLifecycleEvent(LifecycleBase.java:90)
	at org.apache.catalina.core.StandardContext.startInternal(StandardContext.java:5173)
	at org.apache.catalina.util.LifecycleBase.start(LifecycleBase.java:150)
	at org.apache.catalina.core.ContainerBase.addChildInternal(ContainerBase.java:901)
	at org.apache.catalina.core.ContainerBase.addChild(ContainerBase.java:877)
	at org.apache.catalina.core.StandardHost.addChild(StandardHost.java:633)
	at org.apache.catalina.startup.HostConfig.deployWAR(HostConfig.java:968)
	at org.apache.catalina.startup.HostConfig$DeployWar.run(HostConfig.java:1646)
	at java.util.concurrent.Executors$RunnableAdapter.call(Unknown Source)
	at java.util.concurrent.FutureTask$Sync.innerRun(Unknown Source)
	at java.util.concurrent.FutureTask.run(Unknown Source)
	at java.util.concurrent.ThreadPoolExecutor.runWorker(Unknown Source)
	at java.util.concurrent.ThreadPoolExecutor$Worker.run(Unknown Source)
	at java.lang.Thread.run(Unknown Source)

ene 10, 2016 9:39:29 AM org.apache.catalina.startup.TaglibUriRule body
Información: TLD skipped. URI: /SimpleTagLibrary is already defined
ene 10, 2016 9:39:29 AM org.apache.catalina.startup.TaglibUriRule body
Información: TLD skipped. URI: http://jakarta.apache.org/tomcat/example-taglib is already defined
ene 10, 2016 9:39:29 AM org.apache.catalina.startup.HostConfig deployWAR
Información: Despliegue del archivo D:\GOOGLEDRIVE\TONI\PROY\XULIA\C_SHARP\AIMLGUI\AIMLGUI\bin\Debug\t7\webapps\IRIS.war de la aplicación web
ene 10, 2016 9:39:29 AM org.apache.catalina.loader.WebappClassLoader validateJarFile
Información: validateJarFile(D:\GOOGLEDRIVE\TONI\PROY\XULIA\C_SHARP\AIMLGUI\AIMLGUI\bin\Debug\t7\webapps\IRIS\WEB-INF\lib\servlet-api.jar) - jar not loaded. See Servlet Spec 2.3, section 9.7.2. Offending class: javax/servlet/Servlet.class
ene 10, 2016 9:39:29 AM org.apache.catalina.startup.TaglibUriRule body
Información: TLD skipped. URI: /SimpleTagLibrary is already defined
ene 10, 2016 9:39:29 AM org.apache.catalina.startup.TaglibUriRule body
Información: TLD skipped. URI: http://jakarta.apache.org/tomcat/example-taglib is already defined
ene 10, 2016 9:39:30 AM org.apache.catalina.startup.HostConfig deployWAR
Información: Despliegue del archivo D:\GOOGLEDRIVE\TONI\PROY\XULIA\C_SHARP\AIMLGUI\AIMLGUI\bin\Debug\t7\webapps\IRISM (1).war de la aplicación web
ene 10, 2016 9:39:30 AM org.apache.catalina.startup.HostConfig deployWAR
Información: Despliegue del archivo D:\GOOGLEDRIVE\TONI\PROY\XULIA\C_SHARP\AIMLGUI\AIMLGUI\bin\Debug\t7\webapps\IRISM.war de la aplicación web
ene 10, 2016 9:39:30 AM org.apache.catalina.startup.HostConfig deployWAR
Información: Despliegue del archivo D:\GOOGLEDRIVE\TONI\PROY\XULIA\C_SHARP\AIMLGUI\AIMLGUI\bin\Debug\t7\webapps\TomcatJSPExample.war de la aplicación web
ene 10, 2016 9:39:30 AM org.apache.catalina.loader.WebappClassLoader validateJarFile
Información: validateJarFile(D:\GOOGLEDRIVE\TONI\PROY\XULIA\C_SHARP\AIMLGUI\AIMLGUI\bin\Debug\t7\webapps\TomcatJSPExample\WEB-INF\lib\servlet-api.jar) - jar not loaded. See Servlet Spec 2.3, section 9.7.2. Offending class: javax/servlet/Servlet.class
ene 10, 2016 9:39:30 AM org.apache.catalina.startup.TaglibUriRule body
Información: TLD skipped. URI: /SimpleTagLibrary is already defined
ene 10, 2016 9:39:30 AM org.apache.catalina.startup.TaglibUriRule body
Información: TLD skipped. URI: http://jakarta.apache.org/tomcat/example-taglib is already defined
ene 10, 2016 9:39:30 AM org.apache.catalina.startup.HostConfig deployWAR
Información: Despliegue del archivo D:\GOOGLEDRIVE\TONI\PROY\XULIA\C_SHARP\AIMLGUI\AIMLGUI\bin\Debug\t7\webapps\VOZ2 (1).war de la aplicación web
ene 10, 2016 9:39:30 AM org.apache.catalina.startup.HostConfig deployWAR
Información: Despliegue del archivo D:\GOOGLEDRIVE\TONI\PROY\XULIA\C_SHARP\AIMLGUI\AIMLGUI\bin\Debug\t7\webapps\VOZ2.war de la aplicación web
ene 10, 2016 9:39:30 AM org.apache.catalina.startup.HostConfig deployDirectory
Información: Despliegue del directorio D:\GOOGLEDRIVE\TONI\PROY\XULIA\C_SHARP\AIMLGUI\AIMLGUI\bin\Debug\t7\webapps\docs de la aplicación web
ene 10, 2016 9:39:30 AM org.apache.catalina.startup.HostConfig deployDirectory
Información: Despliegue del directorio D:\GOOGLEDRIVE\TONI\PROY\XULIA\C_SHARP\AIMLGUI\AIMLGUI\bin\Debug\t7\webapps\examples de la aplicación web
ene 10, 2016 9:39:30 AM org.apache.catalina.startup.HostConfig deployDirectory
Información: Despliegue del directorio D:\GOOGLEDRIVE\TONI\PROY\XULIA\C_SHARP\AIMLGUI\AIMLGUI\bin\Debug\t7\webapps\host-manager de la aplicación web
ene 10, 2016 9:39:31 AM org.apache.catalina.startup.HostConfig deployDirectory
Información: Despliegue del directorio D:\GOOGLEDRIVE\TONI\PROY\XULIA\C_SHARP\AIMLGUI\AIMLGUI\bin\Debug\t7\webapps\manager de la aplicación web
ene 10, 2016 9:39:31 AM org.apache.catalina.startup.HostConfig deployDirectory
Información: Despliegue del directorio D:\GOOGLEDRIVE\TONI\PROY\XULIA\C_SHARP\AIMLGUI\AIMLGUI\bin\Debug\t7\webapps\ROOT de la aplicación web
ene 10, 2016 9:39:31 AM org.apache.coyote.AbstractProtocol start
Información: Starting ProtocolHandler ["http-bio-8080"]
ene 10, 2016 9:39:31 AM org.apache.coyote.AbstractProtocol start
Información: Starting ProtocolHandler ["http-bio-8443"]
ene 10, 2016 9:39:31 AM org.apache.coyote.AbstractProtocol start
Información: Starting ProtocolHandler ["ajp-bio-8009"]
ene 10, 2016 9:39:31 AM org.apache.catalina.startup.Catalina start
Información: Server startup in 3118 ms
