dic 21, 2015 12:11:56 PM org.apache.catalina.core.AprLifecycleListener init
Información: La biblioteca nativa de Apache Tomcat basada en ARP que permite un rendimiento óptimo en entornos de desarrollo no ha sido hallada en java.library.path: C:\Program Files (x86)\Java\jre7\bin;C:\Windows\Sun\Java\bin;C:\Windows\system32;C:\Windows;C:\Windows\system32;C:\Windows;C:\Windows\System32\Wbem;C:\Windows\System32\WindowsPowerShell\v1.0\;C:\Program Files (x86)\Microsoft SQL Server\100\Tools\Binn\;C:\Program Files\Microsoft SQL Server\100\Tools\Binn\;C:\Program Files\Microsoft SQL Server\100\DTS\Binn\;C:\Program Files (x86)\Java\jre7\bin;C:\Program Files (x86)\Tesseract-OCR;C:\Program Files (x86)\Windows Kits\8.1\Windows Performance Toolkit\;C:\Program Files\Microsoft SQL Server\110\Tools\Binn\;C:\Program Files (x86)\Microsoft SDKs\TypeScript\1.0\;C:\Program Files\Microsoft SQL Server\120\Tools\Binn\;C:\Program Files (x86)\Skype\Phone\;.
dic 21, 2015 12:11:56 PM org.apache.coyote.AbstractProtocol init
Información: Initializing ProtocolHandler ["http-bio-8080"]
dic 21, 2015 12:11:56 PM org.apache.coyote.AbstractProtocol init
Información: Initializing ProtocolHandler ["http-bio-8443"]
dic 21, 2015 12:11:57 PM org.apache.coyote.AbstractProtocol init
Información: Initializing ProtocolHandler ["ajp-bio-8009"]
dic 21, 2015 12:11:57 PM org.apache.catalina.startup.Catalina load
Información: Initialization processed in 1096 ms
dic 21, 2015 12:11:57 PM org.apache.catalina.core.StandardService startInternal
Información: Arrancando servicio Catalina
dic 21, 2015 12:11:57 PM org.apache.catalina.core.StandardEngine startInternal
Información: Starting Servlet Engine: Apache Tomcat/7.0.32
dic 21, 2015 12:11:57 PM org.apache.catalina.startup.HostConfig deployWAR
Información: Despliegue del archivo D:\PROGRAMAS\apache-tomcat-7.0.32\webapps\IRIS.war de la aplicación web
dic 21, 2015 12:11:57 PM org.apache.catalina.loader.WebappClassLoader validateJarFile
Información: validateJarFile(D:\PROGRAMAS\apache-tomcat-7.0.32\webapps\IRIS\WEB-INF\lib\servlet-api.jar) - jar not loaded. See Servlet Spec 2.3, section 9.7.2. Offending class: javax/servlet/Servlet.class
dic 21, 2015 12:11:57 PM org.apache.catalina.startup.TaglibUriRule body
Información: TLD skipped. URI: /SimpleTagLibrary is already defined
dic 21, 2015 12:11:57 PM org.apache.catalina.startup.TaglibUriRule body
Información: TLD skipped. URI: http://jakarta.apache.org/tomcat/example-taglib is already defined
dic 21, 2015 12:11:57 PM org.apache.catalina.startup.HostConfig deployWAR
Información: Despliegue del archivo D:\PROGRAMAS\apache-tomcat-7.0.32\webapps\IRISM.war de la aplicación web
dic 21, 2015 12:11:57 PM org.apache.catalina.startup.HostConfig deployWAR
Información: Despliegue del archivo D:\PROGRAMAS\apache-tomcat-7.0.32\webapps\TomcatJSPExample.war de la aplicación web
dic 21, 2015 12:11:57 PM org.apache.catalina.loader.WebappClassLoader validateJarFile
Información: validateJarFile(D:\PROGRAMAS\apache-tomcat-7.0.32\webapps\TomcatJSPExample\WEB-INF\lib\servlet-api.jar) - jar not loaded. See Servlet Spec 2.3, section 9.7.2. Offending class: javax/servlet/Servlet.class
dic 21, 2015 12:11:58 PM org.apache.catalina.startup.TaglibUriRule body
Información: TLD skipped. URI: /SimpleTagLibrary is already defined
dic 21, 2015 12:11:58 PM org.apache.catalina.startup.TaglibUriRule body
Información: TLD skipped. URI: http://jakarta.apache.org/tomcat/example-taglib is already defined
dic 21, 2015 12:11:58 PM org.apache.catalina.startup.HostConfig deployWAR
Información: Despliegue del archivo D:\PROGRAMAS\apache-tomcat-7.0.32\webapps\VOZ2.war de la aplicación web
dic 21, 2015 12:11:58 PM org.apache.catalina.startup.HostConfig deployDirectory
Información: Despliegue del directorio D:\PROGRAMAS\apache-tomcat-7.0.32\webapps\docs de la aplicación web
dic 21, 2015 12:11:58 PM org.apache.catalina.startup.HostConfig deployDirectory
Información: Despliegue del directorio D:\PROGRAMAS\apache-tomcat-7.0.32\webapps\examples de la aplicación web
dic 21, 2015 12:11:58 PM org.apache.catalina.startup.HostConfig deployDirectory
Información: Despliegue del directorio D:\PROGRAMAS\apache-tomcat-7.0.32\webapps\host-manager de la aplicación web
dic 21, 2015 12:11:58 PM org.apache.catalina.startup.HostConfig deployDirectory
Información: Despliegue del directorio D:\PROGRAMAS\apache-tomcat-7.0.32\webapps\manager de la aplicación web
dic 21, 2015 12:11:58 PM org.apache.catalina.startup.HostConfig deployDirectory
Información: Despliegue del directorio D:\PROGRAMAS\apache-tomcat-7.0.32\webapps\ROOT de la aplicación web
dic 21, 2015 12:11:58 PM org.apache.coyote.AbstractProtocol start
Información: Starting ProtocolHandler ["http-bio-8080"]
dic 21, 2015 12:11:58 PM org.apache.coyote.AbstractProtocol start
Información: Starting ProtocolHandler ["http-bio-8443"]
dic 21, 2015 12:11:58 PM org.apache.coyote.AbstractProtocol start
Información: Starting ProtocolHandler ["ajp-bio-8009"]
dic 21, 2015 12:11:58 PM org.apache.catalina.startup.Catalina start
Información: Server startup in 1433 ms
dic 21, 2015 1:46:45 PM org.apache.catalina.core.AprLifecycleListener init
Información: La biblioteca nativa de Apache Tomcat basada en ARP que permite un rendimiento óptimo en entornos de desarrollo no ha sido hallada en java.library.path: C:\Program Files (x86)\Java\jre7\bin;C:\Windows\Sun\Java\bin;C:\Windows\system32;C:\Windows;C:\Windows\system32;C:\Windows;C:\Windows\System32\Wbem;C:\Windows\System32\WindowsPowerShell\v1.0\;C:\Program Files (x86)\Microsoft SQL Server\100\Tools\Binn\;C:\Program Files\Microsoft SQL Server\100\Tools\Binn\;C:\Program Files\Microsoft SQL Server\100\DTS\Binn\;C:\Program Files (x86)\Java\jre7\bin;C:\Program Files (x86)\Tesseract-OCR;C:\Program Files (x86)\Windows Kits\8.1\Windows Performance Toolkit\;C:\Program Files\Microsoft SQL Server\110\Tools\Binn\;C:\Program Files (x86)\Microsoft SDKs\TypeScript\1.0\;C:\Program Files\Microsoft SQL Server\120\Tools\Binn\;C:\Program Files (x86)\Skype\Phone\;.
dic 21, 2015 1:46:46 PM org.apache.coyote.AbstractProtocol init
Información: Initializing ProtocolHandler ["http-bio-8080"]
dic 21, 2015 1:46:46 PM org.apache.coyote.AbstractProtocol init
Información: Initializing ProtocolHandler ["http-bio-8443"]
dic 21, 2015 1:46:46 PM org.apache.coyote.AbstractProtocol init
Información: Initializing ProtocolHandler ["ajp-bio-8009"]
dic 21, 2015 1:46:46 PM org.apache.catalina.startup.Catalina load
Información: Initialization processed in 1061 ms
dic 21, 2015 1:46:46 PM org.apache.catalina.core.StandardService startInternal
Información: Arrancando servicio Catalina
dic 21, 2015 1:46:46 PM org.apache.catalina.core.StandardEngine startInternal
Información: Starting Servlet Engine: Apache Tomcat/7.0.32
dic 21, 2015 1:46:46 PM org.apache.catalina.startup.HostConfig deployWAR
Información: Despliegue del archivo D:\GOOGLEDRIVE\TONI\PROY\XULIA\C_SHARP\AIMLGUI\AIMLGUI\bin\Debug\apache-tomcat-7.0.32\webapps\IRIS.war de la aplicación web
dic 21, 2015 1:46:46 PM org.apache.catalina.loader.WebappClassLoader validateJarFile
Información: validateJarFile(D:\GOOGLEDRIVE\TONI\PROY\XULIA\C_SHARP\AIMLGUI\AIMLGUI\bin\Debug\apache-tomcat-7.0.32\webapps\IRIS\WEB-INF\lib\servlet-api.jar) - jar not loaded. See Servlet Spec 2.3, section 9.7.2. Offending class: javax/servlet/Servlet.class
dic 21, 2015 1:46:47 PM org.apache.catalina.startup.TaglibUriRule body
Información: TLD skipped. URI: /SimpleTagLibrary is already defined
dic 21, 2015 1:46:47 PM org.apache.catalina.startup.TaglibUriRule body
Información: TLD skipped. URI: http://jakarta.apache.org/tomcat/example-taglib is already defined
dic 21, 2015 1:46:47 PM org.apache.catalina.startup.HostConfig deployWAR
Información: Despliegue del archivo D:\GOOGLEDRIVE\TONI\PROY\XULIA\C_SHARP\AIMLGUI\AIMLGUI\bin\Debug\apache-tomcat-7.0.32\webapps\IRISM.war de la aplicación web
dic 21, 2015 1:46:47 PM org.apache.catalina.startup.HostConfig deployWAR
Información: Despliegue del archivo D:\GOOGLEDRIVE\TONI\PROY\XULIA\C_SHARP\AIMLGUI\AIMLGUI\bin\Debug\apache-tomcat-7.0.32\webapps\TomcatJSPExample.war de la aplicación web
dic 21, 2015 1:46:47 PM org.apache.catalina.loader.WebappClassLoader validateJarFile
Información: validateJarFile(D:\GOOGLEDRIVE\TONI\PROY\XULIA\C_SHARP\AIMLGUI\AIMLGUI\bin\Debug\apache-tomcat-7.0.32\webapps\TomcatJSPExample\WEB-INF\lib\servlet-api.jar) - jar not loaded. See Servlet Spec 2.3, section 9.7.2. Offending class: javax/servlet/Servlet.class
dic 21, 2015 1:46:47 PM org.apache.catalina.startup.TaglibUriRule body
Información: TLD skipped. URI: /SimpleTagLibrary is already defined
dic 21, 2015 1:46:47 PM org.apache.catalina.startup.TaglibUriRule body
Información: TLD skipped. URI: http://jakarta.apache.org/tomcat/example-taglib is already defined
dic 21, 2015 1:46:47 PM org.apache.catalina.startup.HostConfig deployWAR
Información: Despliegue del archivo D:\GOOGLEDRIVE\TONI\PROY\XULIA\C_SHARP\AIMLGUI\AIMLGUI\bin\Debug\apache-tomcat-7.0.32\webapps\VOZ2.war de la aplicación web
dic 21, 2015 1:46:47 PM org.apache.catalina.startup.HostConfig deployDirectory
Información: Despliegue del directorio D:\GOOGLEDRIVE\TONI\PROY\XULIA\C_SHARP\AIMLGUI\AIMLGUI\bin\Debug\apache-tomcat-7.0.32\webapps\docs de la aplicación web
dic 21, 2015 1:46:47 PM org.apache.catalina.startup.HostConfig deployDirectory
Información: Despliegue del directorio D:\GOOGLEDRIVE\TONI\PROY\XULIA\C_SHARP\AIMLGUI\AIMLGUI\bin\Debug\apache-tomcat-7.0.32\webapps\examples de la aplicación web
dic 21, 2015 1:46:48 PM org.apache.catalina.startup.HostConfig deployDirectory
Información: Despliegue del directorio D:\GOOGLEDRIVE\TONI\PROY\XULIA\C_SHARP\AIMLGUI\AIMLGUI\bin\Debug\apache-tomcat-7.0.32\webapps\host-manager de la aplicación web
dic 21, 2015 1:46:48 PM org.apache.catalina.startup.HostConfig deployDirectory
Información: Despliegue del directorio D:\GOOGLEDRIVE\TONI\PROY\XULIA\C_SHARP\AIMLGUI\AIMLGUI\bin\Debug\apache-tomcat-7.0.32\webapps\manager de la aplicación web
dic 21, 2015 1:46:48 PM org.apache.catalina.startup.HostConfig deployDirectory
Información: Despliegue del directorio D:\GOOGLEDRIVE\TONI\PROY\XULIA\C_SHARP\AIMLGUI\AIMLGUI\bin\Debug\apache-tomcat-7.0.32\webapps\ROOT de la aplicación web
dic 21, 2015 1:46:48 PM org.apache.coyote.AbstractProtocol start
Información: Starting ProtocolHandler ["http-bio-8080"]
dic 21, 2015 1:46:48 PM org.apache.coyote.AbstractProtocol start
Información: Starting ProtocolHandler ["http-bio-8443"]
dic 21, 2015 1:46:48 PM org.apache.coyote.AbstractProtocol start
Información: Starting ProtocolHandler ["ajp-bio-8009"]
dic 21, 2015 1:46:48 PM org.apache.catalina.startup.Catalina start
Información: Server startup in 1729 ms
dic 21, 2015 5:14:49 PM org.apache.catalina.core.AprLifecycleListener init
Información: La biblioteca nativa de Apache Tomcat basada en ARP que permite un rendimiento óptimo en entornos de desarrollo no ha sido hallada en java.library.path: C:\Program Files (x86)\Java\jre7\bin;C:\Windows\Sun\Java\bin;C:\Windows\system32;C:\Windows;C:\Windows\system32;C:\Windows;C:\Windows\System32\Wbem;C:\Windows\System32\WindowsPowerShell\v1.0\;C:\Program Files (x86)\Microsoft SQL Server\100\Tools\Binn\;C:\Program Files\Microsoft SQL Server\100\Tools\Binn\;C:\Program Files\Microsoft SQL Server\100\DTS\Binn\;C:\Program Files (x86)\Java\jre7\bin;C:\Program Files (x86)\Tesseract-OCR;C:\Program Files (x86)\Windows Kits\8.1\Windows Performance Toolkit\;C:\Program Files\Microsoft SQL Server\110\Tools\Binn\;C:\Program Files (x86)\Microsoft SDKs\TypeScript\1.0\;C:\Program Files\Microsoft SQL Server\120\Tools\Binn\;C:\Program Files (x86)\Skype\Phone\;.
dic 21, 2015 5:14:50 PM org.apache.coyote.AbstractProtocol init
Información: Initializing ProtocolHandler ["http-bio-8080"]
dic 21, 2015 5:14:50 PM org.apache.coyote.AbstractProtocol init
Información: Initializing ProtocolHandler ["http-bio-8443"]
dic 21, 2015 5:14:50 PM org.apache.coyote.AbstractProtocol init
Información: Initializing ProtocolHandler ["ajp-bio-8009"]
dic 21, 2015 5:14:50 PM org.apache.catalina.startup.Catalina load
Información: Initialization processed in 1097 ms
dic 21, 2015 5:14:50 PM org.apache.catalina.core.StandardService startInternal
Información: Arrancando servicio Catalina
dic 21, 2015 5:14:50 PM org.apache.catalina.core.StandardEngine startInternal
Información: Starting Servlet Engine: Apache Tomcat/7.0.32
dic 21, 2015 5:14:50 PM org.apache.catalina.startup.HostConfig deployWAR
Información: Despliegue del archivo D:\GOOGLEDRIVE\TONI\PROY\XULIA\C_SHARP\AIMLGUI\AIMLGUI\bin\Debug\apache-tomcat-7.0.32\webapps\IRIS (1).war de la aplicación web
dic 21, 2015 5:14:51 PM org.apache.catalina.loader.WebappClassLoader validateJarFile
Información: validateJarFile(D:\GOOGLEDRIVE\TONI\PROY\XULIA\C_SHARP\AIMLGUI\AIMLGUI\bin\Debug\apache-tomcat-7.0.32\webapps\IRIS (1)\WEB-INF\lib\servlet-api.jar) - jar not loaded. See Servlet Spec 2.3, section 9.7.2. Offending class: javax/servlet/Servlet.class
dic 21, 2015 5:14:51 PM org.apache.catalina.startup.ContextConfig processAnnotationsJndi
Grave: No puedo procesar el elemento de recurso [jndi:/localhost/IRIS%20(1)/WEB-INF/classes/servletToJsp.class] para las anotaciones
java.io.FileNotFoundException: jndi:/localhost/IRIS%20(1)/WEB-INF/classes/servletToJsp.class
	at org.apache.naming.resources.DirContextURLConnection.getInputStream(DirContextURLConnection.java:389)
	at org.apache.catalina.startup.ContextConfig.processAnnotationsJndi(ContextConfig.java:2037)
	at org.apache.catalina.startup.ContextConfig.processAnnotationsUrl(ContextConfig.java:1945)
	at org.apache.catalina.startup.ContextConfig.webConfig(ContextConfig.java:1303)
	at org.apache.catalina.startup.ContextConfig.configureStart(ContextConfig.java:878)
	at org.apache.catalina.startup.ContextConfig.lifecycleEvent(ContextConfig.java:369)
	at org.apache.catalina.util.LifecycleSupport.fireLifecycleEvent(LifecycleSupport.java:119)
	at org.apache.catalina.util.LifecycleBase.fireLifecycleEvent(LifecycleBase.java:90)
	at org.apache.catalina.core.StandardContext.startInternal(StandardContext.java:5173)
	at org.apache.catalina.util.LifecycleBase.start(LifecycleBase.java:150)
	at org.apache.catalina.core.ContainerBase.addChildInternal(ContainerBase.java:901)
	at org.apache.catalina.core.ContainerBase.addChild(ContainerBase.java:877)
	at org.apache.catalina.core.StandardHost.addChild(StandardHost.java:633)
	at org.apache.catalina.startup.HostConfig.deployWAR(HostConfig.java:968)
	at org.apache.catalina.startup.HostConfig$DeployWar.run(HostConfig.java:1646)
	at java.util.concurrent.Executors$RunnableAdapter.call(Unknown Source)
	at java.util.concurrent.FutureTask$Sync.innerRun(Unknown Source)
	at java.util.concurrent.FutureTask.run(Unknown Source)
	at java.util.concurrent.ThreadPoolExecutor.runWorker(Unknown Source)
	at java.util.concurrent.ThreadPoolExecutor$Worker.run(Unknown Source)
	at java.lang.Thread.run(Unknown Source)

dic 21, 2015 5:14:51 PM org.apache.catalina.startup.TaglibUriRule body
Información: TLD skipped. URI: /SimpleTagLibrary is already defined
dic 21, 2015 5:14:51 PM org.apache.catalina.startup.TaglibUriRule body
Información: TLD skipped. URI: http://jakarta.apache.org/tomcat/example-taglib is already defined
dic 21, 2015 5:14:51 PM org.apache.catalina.startup.HostConfig deployWAR
Información: Despliegue del archivo D:\GOOGLEDRIVE\TONI\PROY\XULIA\C_SHARP\AIMLGUI\AIMLGUI\bin\Debug\apache-tomcat-7.0.32\webapps\IRIS.war de la aplicación web
dic 21, 2015 5:14:51 PM org.apache.catalina.loader.WebappClassLoader validateJarFile
Información: validateJarFile(D:\GOOGLEDRIVE\TONI\PROY\XULIA\C_SHARP\AIMLGUI\AIMLGUI\bin\Debug\apache-tomcat-7.0.32\webapps\IRIS\WEB-INF\lib\servlet-api.jar) - jar not loaded. See Servlet Spec 2.3, section 9.7.2. Offending class: javax/servlet/Servlet.class
dic 21, 2015 5:14:52 PM org.apache.catalina.startup.TaglibUriRule body
Información: TLD skipped. URI: /SimpleTagLibrary is already defined
dic 21, 2015 5:14:52 PM org.apache.catalina.startup.TaglibUriRule body
Información: TLD skipped. URI: http://jakarta.apache.org/tomcat/example-taglib is already defined
dic 21, 2015 5:14:52 PM org.apache.catalina.startup.HostConfig deployWAR
Información: Despliegue del archivo D:\GOOGLEDRIVE\TONI\PROY\XULIA\C_SHARP\AIMLGUI\AIMLGUI\bin\Debug\apache-tomcat-7.0.32\webapps\IRISM (1).war de la aplicación web
dic 21, 2015 5:14:52 PM org.apache.catalina.startup.HostConfig deployWAR
Información: Despliegue del archivo D:\GOOGLEDRIVE\TONI\PROY\XULIA\C_SHARP\AIMLGUI\AIMLGUI\bin\Debug\apache-tomcat-7.0.32\webapps\IRISM.war de la aplicación web
dic 21, 2015 5:14:52 PM org.apache.catalina.startup.HostConfig deployWAR
Información: Despliegue del archivo D:\GOOGLEDRIVE\TONI\PROY\XULIA\C_SHARP\AIMLGUI\AIMLGUI\bin\Debug\apache-tomcat-7.0.32\webapps\TomcatJSPExample.war de la aplicación web
dic 21, 2015 5:14:52 PM org.apache.catalina.loader.WebappClassLoader validateJarFile
Información: validateJarFile(D:\GOOGLEDRIVE\TONI\PROY\XULIA\C_SHARP\AIMLGUI\AIMLGUI\bin\Debug\apache-tomcat-7.0.32\webapps\TomcatJSPExample\WEB-INF\lib\servlet-api.jar) - jar not loaded. See Servlet Spec 2.3, section 9.7.2. Offending class: javax/servlet/Servlet.class
dic 21, 2015 5:14:52 PM org.apache.catalina.startup.TaglibUriRule body
Información: TLD skipped. URI: /SimpleTagLibrary is already defined
dic 21, 2015 5:14:52 PM org.apache.catalina.startup.TaglibUriRule body
Información: TLD skipped. URI: http://jakarta.apache.org/tomcat/example-taglib is already defined
dic 21, 2015 5:14:52 PM org.apache.catalina.startup.HostConfig deployWAR
Información: Despliegue del archivo D:\GOOGLEDRIVE\TONI\PROY\XULIA\C_SHARP\AIMLGUI\AIMLGUI\bin\Debug\apache-tomcat-7.0.32\webapps\VOZ2 (1).war de la aplicación web
dic 21, 2015 5:14:52 PM org.apache.catalina.startup.HostConfig deployWAR
Información: Despliegue del archivo D:\GOOGLEDRIVE\TONI\PROY\XULIA\C_SHARP\AIMLGUI\AIMLGUI\bin\Debug\apache-tomcat-7.0.32\webapps\VOZ2.war de la aplicación web
dic 21, 2015 5:14:52 PM org.apache.catalina.startup.HostConfig deployDirectory
Información: Despliegue del directorio D:\GOOGLEDRIVE\TONI\PROY\XULIA\C_SHARP\AIMLGUI\AIMLGUI\bin\Debug\apache-tomcat-7.0.32\webapps\docs de la aplicación web
dic 21, 2015 5:14:52 PM org.apache.catalina.startup.HostConfig deployDirectory
Información: Despliegue del directorio D:\GOOGLEDRIVE\TONI\PROY\XULIA\C_SHARP\AIMLGUI\AIMLGUI\bin\Debug\apache-tomcat-7.0.32\webapps\examples de la aplicación web
dic 21, 2015 5:14:52 PM org.apache.catalina.startup.HostConfig deployDirectory
Información: Despliegue del directorio D:\GOOGLEDRIVE\TONI\PROY\XULIA\C_SHARP\AIMLGUI\AIMLGUI\bin\Debug\apache-tomcat-7.0.32\webapps\host-manager de la aplicación web
dic 21, 2015 5:14:53 PM org.apache.catalina.startup.HostConfig deployDirectory
Información: Despliegue del directorio D:\GOOGLEDRIVE\TONI\PROY\XULIA\C_SHARP\AIMLGUI\AIMLGUI\bin\Debug\apache-tomcat-7.0.32\webapps\manager de la aplicación web
dic 21, 2015 5:14:53 PM org.apache.catalina.startup.HostConfig deployDirectory
Información: Despliegue del directorio D:\GOOGLEDRIVE\TONI\PROY\XULIA\C_SHARP\AIMLGUI\AIMLGUI\bin\Debug\apache-tomcat-7.0.32\webapps\ROOT de la aplicación web
dic 21, 2015 5:14:53 PM org.apache.coyote.AbstractProtocol start
Información: Starting ProtocolHandler ["http-bio-8080"]
dic 21, 2015 5:14:53 PM org.apache.coyote.AbstractProtocol start
Información: Starting ProtocolHandler ["http-bio-8443"]
dic 21, 2015 5:14:53 PM org.apache.coyote.AbstractProtocol start
Información: Starting ProtocolHandler ["ajp-bio-8009"]
dic 21, 2015 5:14:53 PM org.apache.catalina.startup.Catalina start
Información: Server startup in 2748 ms
dic 21, 2015 5:16:21 PM org.apache.catalina.core.AprLifecycleListener init
Información: La biblioteca nativa de Apache Tomcat basada en ARP que permite un rendimiento óptimo en entornos de desarrollo no ha sido hallada en java.library.path: C:\Program Files (x86)\Java\jre7\bin;C:\Windows\Sun\Java\bin;C:\Windows\system32;C:\Windows;C:\Windows\system32;C:\Windows;C:\Windows\System32\Wbem;C:\Windows\System32\WindowsPowerShell\v1.0\;C:\Program Files (x86)\Microsoft SQL Server\100\Tools\Binn\;C:\Program Files\Microsoft SQL Server\100\Tools\Binn\;C:\Program Files\Microsoft SQL Server\100\DTS\Binn\;C:\Program Files (x86)\Tesseract-OCR;C:\Program Files (x86)\Windows Kits\8.1\Windows Performance Toolkit\;C:\Program Files\Microsoft SQL Server\110\Tools\Binn\;C:\Program Files (x86)\Microsoft SDKs\TypeScript\1.0\;C:\Program Files\Microsoft SQL Server\120\Tools\Binn\;C:\Program Files (x86)\Skype\Phone\;.
dic 21, 2015 5:16:22 PM org.apache.coyote.AbstractProtocol init
Información: Initializing ProtocolHandler ["http-bio-8080"]
dic 21, 2015 5:16:22 PM org.apache.coyote.AbstractProtocol init
Información: Initializing ProtocolHandler ["http-bio-8443"]
dic 21, 2015 5:16:22 PM org.apache.coyote.AbstractProtocol init
Información: Initializing ProtocolHandler ["ajp-bio-8009"]
dic 21, 2015 5:16:22 PM org.apache.catalina.startup.Catalina load
Información: Initialization processed in 991 ms
dic 21, 2015 5:16:22 PM org.apache.catalina.core.StandardService startInternal
Información: Arrancando servicio Catalina
dic 21, 2015 5:16:22 PM org.apache.catalina.core.StandardEngine startInternal
Información: Starting Servlet Engine: Apache Tomcat/7.0.32
dic 21, 2015 5:16:22 PM org.apache.catalina.startup.HostConfig deployWAR
Información: Despliegue del archivo D:\GOOGLEDRIVE\TONI\PROY\XULIA\C_SHARP\AIMLGUI\AIMLGUI\bin\Debug\apache-tomcat-7.0.32\webapps\IRIS (1).war de la aplicación web
dic 21, 2015 5:16:22 PM org.apache.catalina.loader.WebappClassLoader validateJarFile
Información: validateJarFile(D:\GOOGLEDRIVE\TONI\PROY\XULIA\C_SHARP\AIMLGUI\AIMLGUI\bin\Debug\apache-tomcat-7.0.32\webapps\IRIS (1)\WEB-INF\lib\servlet-api.jar) - jar not loaded. See Servlet Spec 2.3, section 9.7.2. Offending class: javax/servlet/Servlet.class
dic 21, 2015 5:16:23 PM org.apache.catalina.startup.ContextConfig processAnnotationsJndi
Grave: No puedo procesar el elemento de recurso [jndi:/localhost/IRIS%20(1)/WEB-INF/classes/servletToJsp.class] para las anotaciones
java.io.FileNotFoundException: jndi:/localhost/IRIS%20(1)/WEB-INF/classes/servletToJsp.class
	at org.apache.naming.resources.DirContextURLConnection.getInputStream(DirContextURLConnection.java:389)
	at org.apache.catalina.startup.ContextConfig.processAnnotationsJndi(ContextConfig.java:2037)
	at org.apache.catalina.startup.ContextConfig.processAnnotationsUrl(ContextConfig.java:1945)
	at org.apache.catalina.startup.ContextConfig.webConfig(ContextConfig.java:1303)
	at org.apache.catalina.startup.ContextConfig.configureStart(ContextConfig.java:878)
	at org.apache.catalina.startup.ContextConfig.lifecycleEvent(ContextConfig.java:369)
	at org.apache.catalina.util.LifecycleSupport.fireLifecycleEvent(LifecycleSupport.java:119)
	at org.apache.catalina.util.LifecycleBase.fireLifecycleEvent(LifecycleBase.java:90)
	at org.apache.catalina.core.StandardContext.startInternal(StandardContext.java:5173)
	at org.apache.catalina.util.LifecycleBase.start(LifecycleBase.java:150)
	at org.apache.catalina.core.ContainerBase.addChildInternal(ContainerBase.java:901)
	at org.apache.catalina.core.ContainerBase.addChild(ContainerBase.java:877)
	at org.apache.catalina.core.StandardHost.addChild(StandardHost.java:633)
	at org.apache.catalina.startup.HostConfig.deployWAR(HostConfig.java:968)
	at org.apache.catalina.startup.HostConfig$DeployWar.run(HostConfig.java:1646)
	at java.util.concurrent.Executors$RunnableAdapter.call(Unknown Source)
	at java.util.concurrent.FutureTask$Sync.innerRun(Unknown Source)
	at java.util.concurrent.FutureTask.run(Unknown Source)
	at java.util.concurrent.ThreadPoolExecutor.runWorker(Unknown Source)
	at java.util.concurrent.ThreadPoolExecutor$Worker.run(Unknown Source)
	at java.lang.Thread.run(Unknown Source)

dic 21, 2015 5:16:23 PM org.apache.catalina.startup.TaglibUriRule body
Información: TLD skipped. URI: /SimpleTagLibrary is already defined
dic 21, 2015 5:16:23 PM org.apache.catalina.startup.TaglibUriRule body
Información: TLD skipped. URI: http://jakarta.apache.org/tomcat/example-taglib is already defined
dic 21, 2015 5:16:23 PM org.apache.catalina.startup.HostConfig deployWAR
Información: Despliegue del archivo D:\GOOGLEDRIVE\TONI\PROY\XULIA\C_SHARP\AIMLGUI\AIMLGUI\bin\Debug\apache-tomcat-7.0.32\webapps\IRIS.war de la aplicación web
dic 21, 2015 5:16:23 PM org.apache.catalina.loader.WebappClassLoader validateJarFile
Información: validateJarFile(D:\GOOGLEDRIVE\TONI\PROY\XULIA\C_SHARP\AIMLGUI\AIMLGUI\bin\Debug\apache-tomcat-7.0.32\webapps\IRIS\WEB-INF\lib\servlet-api.jar) - jar not loaded. See Servlet Spec 2.3, section 9.7.2. Offending class: javax/servlet/Servlet.class
dic 21, 2015 5:16:23 PM org.apache.catalina.startup.TaglibUriRule body
Información: TLD skipped. URI: /SimpleTagLibrary is already defined
dic 21, 2015 5:16:23 PM org.apache.catalina.startup.TaglibUriRule body
Información: TLD skipped. URI: http://jakarta.apache.org/tomcat/example-taglib is already defined
dic 21, 2015 5:16:23 PM org.apache.catalina.startup.HostConfig deployWAR
Información: Despliegue del archivo D:\GOOGLEDRIVE\TONI\PROY\XULIA\C_SHARP\AIMLGUI\AIMLGUI\bin\Debug\apache-tomcat-7.0.32\webapps\IRISM (1).war de la aplicación web
dic 21, 2015 5:16:23 PM org.apache.catalina.startup.HostConfig deployWAR
Información: Despliegue del archivo D:\GOOGLEDRIVE\TONI\PROY\XULIA\C_SHARP\AIMLGUI\AIMLGUI\bin\Debug\apache-tomcat-7.0.32\webapps\IRISM.war de la aplicación web
dic 21, 2015 5:16:23 PM org.apache.catalina.startup.HostConfig deployWAR
Información: Despliegue del archivo D:\GOOGLEDRIVE\TONI\PROY\XULIA\C_SHARP\AIMLGUI\AIMLGUI\bin\Debug\apache-tomcat-7.0.32\webapps\TomcatJSPExample.war de la aplicación web
dic 21, 2015 5:16:23 PM org.apache.catalina.loader.WebappClassLoader validateJarFile
Información: validateJarFile(D:\GOOGLEDRIVE\TONI\PROY\XULIA\C_SHARP\AIMLGUI\AIMLGUI\bin\Debug\apache-tomcat-7.0.32\webapps\TomcatJSPExample\WEB-INF\lib\servlet-api.jar) - jar not loaded. See Servlet Spec 2.3, section 9.7.2. Offending class: javax/servlet/Servlet.class
dic 21, 2015 5:16:23 PM org.apache.catalina.startup.TaglibUriRule body
Información: TLD skipped. URI: /SimpleTagLibrary is already defined
dic 21, 2015 5:16:23 PM org.apache.catalina.startup.TaglibUriRule body
Información: TLD skipped. URI: http://jakarta.apache.org/tomcat/example-taglib is already defined
dic 21, 2015 5:16:24 PM org.apache.catalina.startup.HostConfig deployWAR
Información: Despliegue del archivo D:\GOOGLEDRIVE\TONI\PROY\XULIA\C_SHARP\AIMLGUI\AIMLGUI\bin\Debug\apache-tomcat-7.0.32\webapps\VOZ2 (1).war de la aplicación web
dic 21, 2015 5:16:24 PM org.apache.catalina.startup.HostConfig deployWAR
Información: Despliegue del archivo D:\GOOGLEDRIVE\TONI\PROY\XULIA\C_SHARP\AIMLGUI\AIMLGUI\bin\Debug\apache-tomcat-7.0.32\webapps\VOZ2.war de la aplicación web
dic 21, 2015 5:16:24 PM org.apache.catalina.startup.HostConfig deployDirectory
Información: Despliegue del directorio D:\GOOGLEDRIVE\TONI\PROY\XULIA\C_SHARP\AIMLGUI\AIMLGUI\bin\Debug\apache-tomcat-7.0.32\webapps\docs de la aplicación web
dic 21, 2015 5:16:24 PM org.apache.catalina.startup.HostConfig deployDirectory
Información: Despliegue del directorio D:\GOOGLEDRIVE\TONI\PROY\XULIA\C_SHARP\AIMLGUI\AIMLGUI\bin\Debug\apache-tomcat-7.0.32\webapps\examples de la aplicación web
dic 21, 2015 5:16:24 PM org.apache.catalina.startup.HostConfig deployDirectory
Información: Despliegue del directorio D:\GOOGLEDRIVE\TONI\PROY\XULIA\C_SHARP\AIMLGUI\AIMLGUI\bin\Debug\apache-tomcat-7.0.32\webapps\host-manager de la aplicación web
dic 21, 2015 5:16:24 PM org.apache.catalina.startup.HostConfig deployDirectory
Información: Despliegue del directorio D:\GOOGLEDRIVE\TONI\PROY\XULIA\C_SHARP\AIMLGUI\AIMLGUI\bin\Debug\apache-tomcat-7.0.32\webapps\manager de la aplicación web
dic 21, 2015 5:16:24 PM org.apache.catalina.startup.HostConfig deployDirectory
Información: Despliegue del directorio D:\GOOGLEDRIVE\TONI\PROY\XULIA\C_SHARP\AIMLGUI\AIMLGUI\bin\Debug\apache-tomcat-7.0.32\webapps\ROOT de la aplicación web
dic 21, 2015 5:16:24 PM org.apache.coyote.AbstractProtocol start
Información: Starting ProtocolHandler ["http-bio-8080"]
dic 21, 2015 5:16:24 PM org.apache.coyote.AbstractProtocol start
Información: Starting ProtocolHandler ["http-bio-8443"]
dic 21, 2015 5:16:24 PM org.apache.coyote.AbstractProtocol start
Información: Starting ProtocolHandler ["ajp-bio-8009"]
dic 21, 2015 5:16:24 PM org.apache.catalina.startup.Catalina start
Información: Server startup in 1854 ms
dic 21, 2015 5:28:18 PM org.apache.catalina.core.AprLifecycleListener init
Información: La biblioteca nativa de Apache Tomcat basada en ARP que permite un rendimiento óptimo en entornos de desarrollo no ha sido hallada en java.library.path: C:\Program Files (x86)\Java\jre7\bin;C:\Windows\Sun\Java\bin;C:\Windows\system32;C:\Windows;C:\Windows\system32;C:\Windows;C:\Windows\System32\Wbem;C:\Windows\System32\WindowsPowerShell\v1.0\;C:\Program Files (x86)\Microsoft SQL Server\100\Tools\Binn\;C:\Program Files\Microsoft SQL Server\100\Tools\Binn\;C:\Program Files\Microsoft SQL Server\100\DTS\Binn\;C:\Program Files (x86)\Tesseract-OCR;C:\Program Files (x86)\Windows Kits\8.1\Windows Performance Toolkit\;C:\Program Files\Microsoft SQL Server\110\Tools\Binn\;C:\Program Files (x86)\Microsoft SDKs\TypeScript\1.0\;C:\Program Files\Microsoft SQL Server\120\Tools\Binn\;C:\Program Files (x86)\Skype\Phone\;.
dic 21, 2015 5:28:18 PM org.apache.coyote.AbstractProtocol init
Información: Initializing ProtocolHandler ["http-bio-8080"]
dic 21, 2015 5:28:18 PM org.apache.coyote.AbstractProtocol init
Información: Initializing ProtocolHandler ["http-bio-8443"]
dic 21, 2015 5:28:19 PM org.apache.coyote.AbstractProtocol init
Información: Initializing ProtocolHandler ["ajp-bio-8009"]
dic 21, 2015 5:28:19 PM org.apache.catalina.startup.Catalina load
Información: Initialization processed in 948 ms
dic 21, 2015 5:28:19 PM org.apache.catalina.core.StandardService startInternal
Información: Arrancando servicio Catalina
dic 21, 2015 5:28:19 PM org.apache.catalina.core.StandardEngine startInternal
Información: Starting Servlet Engine: Apache Tomcat/7.0.32
dic 21, 2015 5:28:19 PM org.apache.catalina.startup.HostConfig deployWAR
Información: Despliegue del archivo D:\GOOGLEDRIVE\TONI\PROY\XULIA\C_SHARP\AIMLGUI\AIMLGUI\bin\Debug\apache-tomcat-7.0.32\webapps\IRIS (1).war de la aplicación web
dic 21, 2015 5:28:19 PM org.apache.catalina.loader.WebappClassLoader validateJarFile
Información: validateJarFile(D:\GOOGLEDRIVE\TONI\PROY\XULIA\C_SHARP\AIMLGUI\AIMLGUI\bin\Debug\apache-tomcat-7.0.32\webapps\IRIS (1)\WEB-INF\lib\servlet-api.jar) - jar not loaded. See Servlet Spec 2.3, section 9.7.2. Offending class: javax/servlet/Servlet.class
dic 21, 2015 5:28:19 PM org.apache.catalina.startup.ContextConfig processAnnotationsJndi
Grave: No puedo procesar el elemento de recurso [jndi:/localhost/IRIS%20(1)/WEB-INF/classes/servletToJsp.class] para las anotaciones
java.io.FileNotFoundException: jndi:/localhost/IRIS%20(1)/WEB-INF/classes/servletToJsp.class
	at org.apache.naming.resources.DirContextURLConnection.getInputStream(DirContextURLConnection.java:389)
	at org.apache.catalina.startup.ContextConfig.processAnnotationsJndi(ContextConfig.java:2037)
	at org.apache.catalina.startup.ContextConfig.processAnnotationsUrl(ContextConfig.java:1945)
	at org.apache.catalina.startup.ContextConfig.webConfig(ContextConfig.java:1303)
	at org.apache.catalina.startup.ContextConfig.configureStart(ContextConfig.java:878)
	at org.apache.catalina.startup.ContextConfig.lifecycleEvent(ContextConfig.java:369)
	at org.apache.catalina.util.LifecycleSupport.fireLifecycleEvent(LifecycleSupport.java:119)
	at org.apache.catalina.util.LifecycleBase.fireLifecycleEvent(LifecycleBase.java:90)
	at org.apache.catalina.core.StandardContext.startInternal(StandardContext.java:5173)
	at org.apache.catalina.util.LifecycleBase.start(LifecycleBase.java:150)
	at org.apache.catalina.core.ContainerBase.addChildInternal(ContainerBase.java:901)
	at org.apache.catalina.core.ContainerBase.addChild(ContainerBase.java:877)
	at org.apache.catalina.core.StandardHost.addChild(StandardHost.java:633)
	at org.apache.catalina.startup.HostConfig.deployWAR(HostConfig.java:968)
	at org.apache.catalina.startup.HostConfig$DeployWar.run(HostConfig.java:1646)
	at java.util.concurrent.Executors$RunnableAdapter.call(Unknown Source)
	at java.util.concurrent.FutureTask$Sync.innerRun(Unknown Source)
	at java.util.concurrent.FutureTask.run(Unknown Source)
	at java.util.concurrent.ThreadPoolExecutor.runWorker(Unknown Source)
	at java.util.concurrent.ThreadPoolExecutor$Worker.run(Unknown Source)
	at java.lang.Thread.run(Unknown Source)

dic 21, 2015 5:28:19 PM org.apache.catalina.startup.TaglibUriRule body
Información: TLD skipped. URI: /SimpleTagLibrary is already defined
dic 21, 2015 5:28:19 PM org.apache.catalina.startup.TaglibUriRule body
Información: TLD skipped. URI: http://jakarta.apache.org/tomcat/example-taglib is already defined
dic 21, 2015 5:28:19 PM org.apache.catalina.startup.HostConfig deployWAR
Información: Despliegue del archivo D:\GOOGLEDRIVE\TONI\PROY\XULIA\C_SHARP\AIMLGUI\AIMLGUI\bin\Debug\apache-tomcat-7.0.32\webapps\IRIS.war de la aplicación web
dic 21, 2015 5:28:19 PM org.apache.catalina.loader.WebappClassLoader validateJarFile
Información: validateJarFile(D:\GOOGLEDRIVE\TONI\PROY\XULIA\C_SHARP\AIMLGUI\AIMLGUI\bin\Debug\apache-tomcat-7.0.32\webapps\IRIS\WEB-INF\lib\servlet-api.jar) - jar not loaded. See Servlet Spec 2.3, section 9.7.2. Offending class: javax/servlet/Servlet.class
dic 21, 2015 5:28:19 PM org.apache.catalina.startup.TaglibUriRule body
Información: TLD skipped. URI: /SimpleTagLibrary is already defined
dic 21, 2015 5:28:19 PM org.apache.catalina.startup.TaglibUriRule body
Información: TLD skipped. URI: http://jakarta.apache.org/tomcat/example-taglib is already defined
dic 21, 2015 5:28:19 PM org.apache.catalina.startup.HostConfig deployWAR
Información: Despliegue del archivo D:\GOOGLEDRIVE\TONI\PROY\XULIA\C_SHARP\AIMLGUI\AIMLGUI\bin\Debug\apache-tomcat-7.0.32\webapps\IRISM (1).war de la aplicación web
dic 21, 2015 5:28:20 PM org.apache.catalina.startup.HostConfig deployWAR
Información: Despliegue del archivo D:\GOOGLEDRIVE\TONI\PROY\XULIA\C_SHARP\AIMLGUI\AIMLGUI\bin\Debug\apache-tomcat-7.0.32\webapps\IRISM.war de la aplicación web
dic 21, 2015 5:28:20 PM org.apache.catalina.startup.HostConfig deployWAR
Información: Despliegue del archivo D:\GOOGLEDRIVE\TONI\PROY\XULIA\C_SHARP\AIMLGUI\AIMLGUI\bin\Debug\apache-tomcat-7.0.32\webapps\TomcatJSPExample.war de la aplicación web
dic 21, 2015 5:28:20 PM org.apache.catalina.loader.WebappClassLoader validateJarFile
Información: validateJarFile(D:\GOOGLEDRIVE\TONI\PROY\XULIA\C_SHARP\AIMLGUI\AIMLGUI\bin\Debug\apache-tomcat-7.0.32\webapps\TomcatJSPExample\WEB-INF\lib\servlet-api.jar) - jar not loaded. See Servlet Spec 2.3, section 9.7.2. Offending class: javax/servlet/Servlet.class
dic 21, 2015 5:28:20 PM org.apache.catalina.startup.TaglibUriRule body
Información: TLD skipped. URI: /SimpleTagLibrary is already defined
dic 21, 2015 5:28:20 PM org.apache.catalina.startup.TaglibUriRule body
Información: TLD skipped. URI: http://jakarta.apache.org/tomcat/example-taglib is already defined
dic 21, 2015 5:28:20 PM org.apache.catalina.startup.HostConfig deployWAR
Información: Despliegue del archivo D:\GOOGLEDRIVE\TONI\PROY\XULIA\C_SHARP\AIMLGUI\AIMLGUI\bin\Debug\apache-tomcat-7.0.32\webapps\VOZ2 (1).war de la aplicación web
dic 21, 2015 5:28:20 PM org.apache.catalina.startup.HostConfig deployWAR
Información: Despliegue del archivo D:\GOOGLEDRIVE\TONI\PROY\XULIA\C_SHARP\AIMLGUI\AIMLGUI\bin\Debug\apache-tomcat-7.0.32\webapps\VOZ2.war de la aplicación web
dic 21, 2015 5:28:20 PM org.apache.catalina.startup.HostConfig deployDirectory
Información: Despliegue del directorio D:\GOOGLEDRIVE\TONI\PROY\XULIA\C_SHARP\AIMLGUI\AIMLGUI\bin\Debug\apache-tomcat-7.0.32\webapps\docs de la aplicación web
dic 21, 2015 5:28:20 PM org.apache.catalina.startup.HostConfig deployDirectory
Información: Despliegue del directorio D:\GOOGLEDRIVE\TONI\PROY\XULIA\C_SHARP\AIMLGUI\AIMLGUI\bin\Debug\apache-tomcat-7.0.32\webapps\examples de la aplicación web
dic 21, 2015 5:28:20 PM org.apache.catalina.startup.HostConfig deployDirectory
Información: Despliegue del directorio D:\GOOGLEDRIVE\TONI\PROY\XULIA\C_SHARP\AIMLGUI\AIMLGUI\bin\Debug\apache-tomcat-7.0.32\webapps\host-manager de la aplicación web
dic 21, 2015 5:28:20 PM org.apache.catalina.startup.HostConfig deployDirectory
Información: Despliegue del directorio D:\GOOGLEDRIVE\TONI\PROY\XULIA\C_SHARP\AIMLGUI\AIMLGUI\bin\Debug\apache-tomcat-7.0.32\webapps\manager de la aplicación web
dic 21, 2015 5:28:20 PM org.apache.catalina.startup.HostConfig deployDirectory
Información: Despliegue del directorio D:\GOOGLEDRIVE\TONI\PROY\XULIA\C_SHARP\AIMLGUI\AIMLGUI\bin\Debug\apache-tomcat-7.0.32\webapps\ROOT de la aplicación web
dic 21, 2015 5:28:20 PM org.apache.coyote.AbstractProtocol start
Información: Starting ProtocolHandler ["http-bio-8080"]
dic 21, 2015 5:28:20 PM org.apache.coyote.AbstractProtocol start
Información: Starting ProtocolHandler ["http-bio-8443"]
dic 21, 2015 5:28:20 PM org.apache.coyote.AbstractProtocol start
Información: Starting ProtocolHandler ["ajp-bio-8009"]
dic 21, 2015 5:28:20 PM org.apache.catalina.startup.Catalina start
Información: Server startup in 1822 ms
dic 21, 2015 5:32:05 PM org.apache.catalina.core.AprLifecycleListener init
Información: La biblioteca nativa de Apache Tomcat basada en ARP que permite un rendimiento óptimo en entornos de desarrollo no ha sido hallada en java.library.path: C:\Program Files (x86)\Java\jre7\bin;C:\Windows\Sun\Java\bin;C:\Windows\system32;C:\Windows;C:\Windows\system32;C:\Windows;C:\Windows\System32\Wbem;C:\Windows\System32\WindowsPowerShell\v1.0\;C:\Program Files (x86)\Microsoft SQL Server\100\Tools\Binn\;C:\Program Files\Microsoft SQL Server\100\Tools\Binn\;C:\Program Files\Microsoft SQL Server\100\DTS\Binn\;C:\Program Files (x86)\Tesseract-OCR;C:\Program Files (x86)\Windows Kits\8.1\Windows Performance Toolkit\;C:\Program Files\Microsoft SQL Server\110\Tools\Binn\;C:\Program Files (x86)\Microsoft SDKs\TypeScript\1.0\;C:\Program Files\Microsoft SQL Server\120\Tools\Binn\;C:\Program Files (x86)\Skype\Phone\;.
dic 21, 2015 5:32:05 PM org.apache.coyote.AbstractProtocol init
Información: Initializing ProtocolHandler ["http-bio-8080"]
dic 21, 2015 5:32:05 PM org.apache.coyote.AbstractProtocol init
Información: Initializing ProtocolHandler ["http-bio-8443"]
dic 21, 2015 5:32:06 PM org.apache.coyote.AbstractProtocol init
Información: Initializing ProtocolHandler ["ajp-bio-8009"]
dic 21, 2015 5:32:06 PM org.apache.catalina.startup.Catalina load
Información: Initialization processed in 972 ms
dic 21, 2015 5:32:06 PM org.apache.catalina.core.StandardService startInternal
Información: Arrancando servicio Catalina
dic 21, 2015 5:32:06 PM org.apache.catalina.core.StandardEngine startInternal
Información: Starting Servlet Engine: Apache Tomcat/7.0.32
dic 21, 2015 5:32:06 PM org.apache.catalina.startup.HostConfig deployWAR
Información: Despliegue del archivo D:\GOOGLEDRIVE\TONI\PROY\XULIA\C_SHARP\AIMLGUI\AIMLGUI\bin\Debug\apache-tomcat-7.0.32\webapps\IRIS (1).war de la aplicación web
dic 21, 2015 5:32:06 PM org.apache.catalina.loader.WebappClassLoader validateJarFile
Información: validateJarFile(D:\GOOGLEDRIVE\TONI\PROY\XULIA\C_SHARP\AIMLGUI\AIMLGUI\bin\Debug\apache-tomcat-7.0.32\webapps\IRIS (1)\WEB-INF\lib\servlet-api.jar) - jar not loaded. See Servlet Spec 2.3, section 9.7.2. Offending class: javax/servlet/Servlet.class
dic 21, 2015 5:32:06 PM org.apache.catalina.startup.ContextConfig processAnnotationsJndi
Grave: No puedo procesar el elemento de recurso [jndi:/localhost/IRIS%20(1)/WEB-INF/classes/servletToJsp.class] para las anotaciones
java.io.FileNotFoundException: jndi:/localhost/IRIS%20(1)/WEB-INF/classes/servletToJsp.class
	at org.apache.naming.resources.DirContextURLConnection.getInputStream(DirContextURLConnection.java:389)
	at org.apache.catalina.startup.ContextConfig.processAnnotationsJndi(ContextConfig.java:2037)
	at org.apache.catalina.startup.ContextConfig.processAnnotationsUrl(ContextConfig.java:1945)
	at org.apache.catalina.startup.ContextConfig.webConfig(ContextConfig.java:1303)
	at org.apache.catalina.startup.ContextConfig.configureStart(ContextConfig.java:878)
	at org.apache.catalina.startup.ContextConfig.lifecycleEvent(ContextConfig.java:369)
	at org.apache.catalina.util.LifecycleSupport.fireLifecycleEvent(LifecycleSupport.java:119)
	at org.apache.catalina.util.LifecycleBase.fireLifecycleEvent(LifecycleBase.java:90)
	at org.apache.catalina.core.StandardContext.startInternal(StandardContext.java:5173)
	at org.apache.catalina.util.LifecycleBase.start(LifecycleBase.java:150)
	at org.apache.catalina.core.ContainerBase.addChildInternal(ContainerBase.java:901)
	at org.apache.catalina.core.ContainerBase.addChild(ContainerBase.java:877)
	at org.apache.catalina.core.StandardHost.addChild(StandardHost.java:633)
	at org.apache.catalina.startup.HostConfig.deployWAR(HostConfig.java:968)
	at org.apache.catalina.startup.HostConfig$DeployWar.run(HostConfig.java:1646)
	at java.util.concurrent.Executors$RunnableAdapter.call(Unknown Source)
	at java.util.concurrent.FutureTask$Sync.innerRun(Unknown Source)
	at java.util.concurrent.FutureTask.run(Unknown Source)
	at java.util.concurrent.ThreadPoolExecutor.runWorker(Unknown Source)
	at java.util.concurrent.ThreadPoolExecutor$Worker.run(Unknown Source)
	at java.lang.Thread.run(Unknown Source)

dic 21, 2015 5:32:06 PM org.apache.catalina.startup.TaglibUriRule body
Información: TLD skipped. URI: /SimpleTagLibrary is already defined
dic 21, 2015 5:32:06 PM org.apache.catalina.startup.TaglibUriRule body
Información: TLD skipped. URI: http://jakarta.apache.org/tomcat/example-taglib is already defined
dic 21, 2015 5:32:06 PM org.apache.catalina.startup.HostConfig deployWAR
Información: Despliegue del archivo D:\GOOGLEDRIVE\TONI\PROY\XULIA\C_SHARP\AIMLGUI\AIMLGUI\bin\Debug\apache-tomcat-7.0.32\webapps\IRIS.war de la aplicación web
dic 21, 2015 5:32:06 PM org.apache.catalina.loader.WebappClassLoader validateJarFile
Información: validateJarFile(D:\GOOGLEDRIVE\TONI\PROY\XULIA\C_SHARP\AIMLGUI\AIMLGUI\bin\Debug\apache-tomcat-7.0.32\webapps\IRIS\WEB-INF\lib\servlet-api.jar) - jar not loaded. See Servlet Spec 2.3, section 9.7.2. Offending class: javax/servlet/Servlet.class
dic 21, 2015 5:32:07 PM org.apache.catalina.startup.TaglibUriRule body
Información: TLD skipped. URI: /SimpleTagLibrary is already defined
dic 21, 2015 5:32:07 PM org.apache.catalina.startup.TaglibUriRule body
Información: TLD skipped. URI: http://jakarta.apache.org/tomcat/example-taglib is already defined
dic 21, 2015 5:32:07 PM org.apache.catalina.startup.HostConfig deployWAR
Información: Despliegue del archivo D:\GOOGLEDRIVE\TONI\PROY\XULIA\C_SHARP\AIMLGUI\AIMLGUI\bin\Debug\apache-tomcat-7.0.32\webapps\IRISM (1).war de la aplicación web
dic 21, 2015 5:32:07 PM org.apache.catalina.startup.HostConfig deployWAR
Información: Despliegue del archivo D:\GOOGLEDRIVE\TONI\PROY\XULIA\C_SHARP\AIMLGUI\AIMLGUI\bin\Debug\apache-tomcat-7.0.32\webapps\IRISM.war de la aplicación web
dic 21, 2015 5:32:07 PM org.apache.catalina.startup.HostConfig deployWAR
Información: Despliegue del archivo D:\GOOGLEDRIVE\TONI\PROY\XULIA\C_SHARP\AIMLGUI\AIMLGUI\bin\Debug\apache-tomcat-7.0.32\webapps\TomcatJSPExample.war de la aplicación web
dic 21, 2015 5:32:07 PM org.apache.catalina.loader.WebappClassLoader validateJarFile
Información: validateJarFile(D:\GOOGLEDRIVE\TONI\PROY\XULIA\C_SHARP\AIMLGUI\AIMLGUI\bin\Debug\apache-tomcat-7.0.32\webapps\TomcatJSPExample\WEB-INF\lib\servlet-api.jar) - jar not loaded. See Servlet Spec 2.3, section 9.7.2. Offending class: javax/servlet/Servlet.class
dic 21, 2015 5:32:07 PM org.apache.catalina.startup.TaglibUriRule body
Información: TLD skipped. URI: /SimpleTagLibrary is already defined
dic 21, 2015 5:32:07 PM org.apache.catalina.startup.TaglibUriRule body
Información: TLD skipped. URI: http://jakarta.apache.org/tomcat/example-taglib is already defined
dic 21, 2015 5:32:07 PM org.apache.catalina.startup.HostConfig deployWAR
Información: Despliegue del archivo D:\GOOGLEDRIVE\TONI\PROY\XULIA\C_SHARP\AIMLGUI\AIMLGUI\bin\Debug\apache-tomcat-7.0.32\webapps\VOZ2 (1).war de la aplicación web
dic 21, 2015 5:32:07 PM org.apache.catalina.startup.HostConfig deployWAR
Información: Despliegue del archivo D:\GOOGLEDRIVE\TONI\PROY\XULIA\C_SHARP\AIMLGUI\AIMLGUI\bin\Debug\apache-tomcat-7.0.32\webapps\VOZ2.war de la aplicación web
dic 21, 2015 5:32:07 PM org.apache.catalina.startup.HostConfig deployDirectory
Información: Despliegue del directorio D:\GOOGLEDRIVE\TONI\PROY\XULIA\C_SHARP\AIMLGUI\AIMLGUI\bin\Debug\apache-tomcat-7.0.32\webapps\docs de la aplicación web
dic 21, 2015 5:32:07 PM org.apache.catalina.startup.HostConfig deployDirectory
Información: Despliegue del directorio D:\GOOGLEDRIVE\TONI\PROY\XULIA\C_SHARP\AIMLGUI\AIMLGUI\bin\Debug\apache-tomcat-7.0.32\webapps\examples de la aplicación web
dic 21, 2015 5:32:07 PM org.apache.catalina.startup.HostConfig deployDirectory
Información: Despliegue del directorio D:\GOOGLEDRIVE\TONI\PROY\XULIA\C_SHARP\AIMLGUI\AIMLGUI\bin\Debug\apache-tomcat-7.0.32\webapps\host-manager de la aplicación web
dic 21, 2015 5:32:07 PM org.apache.catalina.startup.HostConfig deployDirectory
Información: Despliegue del directorio D:\GOOGLEDRIVE\TONI\PROY\XULIA\C_SHARP\AIMLGUI\AIMLGUI\bin\Debug\apache-tomcat-7.0.32\webapps\manager de la aplicación web
dic 21, 2015 5:32:07 PM org.apache.catalina.startup.HostConfig deployDirectory
Información: Despliegue del directorio D:\GOOGLEDRIVE\TONI\PROY\XULIA\C_SHARP\AIMLGUI\AIMLGUI\bin\Debug\apache-tomcat-7.0.32\webapps\ROOT de la aplicación web
dic 21, 2015 5:32:07 PM org.apache.coyote.AbstractProtocol start
Información: Starting ProtocolHandler ["http-bio-8080"]
dic 21, 2015 5:32:07 PM org.apache.coyote.AbstractProtocol start
Información: Starting ProtocolHandler ["http-bio-8443"]
dic 21, 2015 5:32:08 PM org.apache.coyote.AbstractProtocol start
Información: Starting ProtocolHandler ["ajp-bio-8009"]
dic 21, 2015 5:32:08 PM org.apache.catalina.startup.Catalina start
Información: Server startup in 1799 ms
